large_2                                  00:01:27    0       0.285 | 0.916 0.000 0.000 0.840 0.000
large_2                                  00:02:49    1       0.235 | 0.509 0.133 0.915 0.835 0.081
large_2                                  00:04:10    2       0.214 | 0.923 0.644 0.338 0.876 0.595
large_2                                  00:05:31    3       0.201 | 0.920 1.000 0.039 0.810 0.959
large_2                                  00:06:53    4       0.192 | 0.928 0.688 0.242 0.861 0.640
large_2                                  00:08:14    5       0.184 | 0.932 0.652 0.530 0.914 0.612
large_2                                  00:09:36    6       0.178 | 0.908 0.489 0.660 0.915 0.446
large_2                                  00:10:58    7       0.175 | 0.928 0.579 0.554 0.928 0.538
large_2                                  00:12:19    8       0.168 | 0.932 0.598 0.598 0.938 0.561
large_2                                  00:13:41    9       0.166 | 0.913 0.485 0.617 0.920 0.443
large_2                                  00:15:03   10       0.165 | 0.925 0.557 0.628 0.925 0.518
large_2                                  00:16:24   11       0.163 | 0.940 0.738 0.547 0.932 0.703
large_2                                  00:17:46   12       0.159 | 0.910 0.472 0.746 0.937 0.436
large_2                                  00:19:08   13       0.158 | 0.938 0.717 0.440 0.917 0.679
large_2                                  00:20:29   14       0.141 | 0.943 0.766 0.510 0.914 0.731
large_2                                  00:21:51   15       0.135 | 0.937 0.695 0.536 0.937 0.658
large_2                                  00:23:12   16       0.130 | 0.942 0.746 0.508 0.918 0.711
large_2                                  00:24:34   17       0.123 | 0.933 0.584 0.714 0.942 0.551
large_2                                  00:25:56   18       0.119 | 0.935 0.667 0.590 0.932 0.629
large_2                                  00:27:17   19       0.115 | 0.932 0.591 0.688 0.938 0.556
large_2                                  00:28:39   20       0.110 | 0.937 0.629 0.668 0.938 0.595
large_2                                  00:30:01   21       0.106 | 0.928 0.571 0.674 0.935 0.535
large_2                                  00:31:22   22       0.104 | 0.939 0.647 0.636 0.932 0.613
large_2                                  00:32:44   23       0.086 | 0.938 0.634 0.610 0.903 0.600
large_2                                  00:34:06   24       0.080 | 0.940 0.694 0.596 0.915 0.659
large_2                                  00:35:27   25       0.075 | 0.945 0.847 0.444 0.869 0.815
large_2                                  00:36:49   26       0.072 | 0.944 0.680 0.571 0.905 0.648
large_2                                  00:38:11   27       0.066 | 0.929 0.588 0.658 0.914 0.551
