2007_1                                   00:10:31    0       0.324 | 0.921 0.000 0.000 0.661 | 0.144 0.000 0.000 0.000 
2007_1                                   00:20:52    1       0.300 | 0.921 0.000 0.000 0.723 | 0.196 0.000 0.000 0.000 
2007_1                                   00:31:20    2       0.278 | 0.921 0.000 0.000 0.811 | 0.200 0.000 0.000 0.000 
2007_1                                   00:41:41    3       0.272 | 0.921 0.000 0.000 0.793 | 0.268 0.000 0.000 0.000 
2007_1                                   00:52:03    4       0.257 | 0.921 0.000 0.000 0.861 | 0.321 0.000 0.000 0.000 
2007_1                                   01:02:28    5       0.236 | 0.921 0.000 0.000 0.655 | 0.140 0.000 0.000 0.000 
2007_1                                   01:12:56    6       0.227 | 0.923 0.512 0.497 0.902 | 0.367 0.462 0.126 0.000 
2007_1                                   01:23:21    7       0.220 | 0.929 0.673 0.191 0.910 | 0.482 0.333 0.103 0.000 
2007_1                                   01:33:40    8       0.215 | 0.934 0.640 0.370 0.900 | 0.486 0.455 0.181 0.073 
2007_1                                   01:44:04    9       0.214 | 0.928 0.538 0.653 0.919 | 0.431 0.554 0.293 0.073 
2007_1                                   01:54:22   10       0.200 | 0.901 0.431 0.763 0.930 | 0.295 0.526 0.353 0.047 
2007_1                                   02:04:39   11       0.198 | 0.941 0.696 0.462 0.932 | 0.431 0.538 0.166 0.000 
2007_1                                   02:14:46   12       0.189 | 0.930 0.794 0.156 0.858 | 0.510 0.333 0.106 0.000 
2007_1                                   02:25:04   13       0.189 | 0.945 0.733 0.491 0.947 | 0.534 0.573 0.301 0.000 
2007_1                                   02:35:21   14       0.181 | 0.944 0.740 0.445 0.935 | 0.489 0.547 0.206 0.000 
2007_1                                   02:45:36   15       0.182 | 0.936 0.824 0.243 0.930 | 0.606 0.426 0.103 0.000 
2007_1                                   02:55:48   16       0.182 | 0.945 0.750 0.468 0.944 | 0.605 0.566 0.301 0.103 
2007_1                                   03:05:57   17       0.178 | 0.950 0.682 0.682 0.952 | 0.400 0.655 0.321 0.103 
2007_1                                   03:16:07   18       0.178 | 0.951 0.788 0.514 0.948 | 0.601 0.613 0.408 0.163 
2007_1                                   03:26:15   19       0.178 | 0.939 0.885 0.266 0.899 | 0.518 0.466 0.185 0.000 
2007_1                                   03:36:28   20       0.176 | 0.951 0.773 0.532 0.957 | 0.619 0.617 0.447 0.147 
2007_1                                   03:46:41   21       0.170 | 0.943 0.866 0.335 0.928 | 0.619 0.518 0.242 0.106 
2007_1                                   03:56:56   22       0.172 | 0.951 0.795 0.514 0.956 | 0.515 0.616 0.361 0.206 
2007_1                                   04:07:08   23       0.172 | 0.880 0.387 0.879 0.949 | 0.350 0.533 0.630 0.441 
2007_1                                   04:17:16   24       0.168 | 0.960 0.810 0.642 0.955 | 0.615 0.700 0.415 0.073 
2007_1                                   04:27:25   25       0.166 | 0.929 0.950 0.110 0.943 | 0.618 0.310 0.000 0.000 
2007_1                                   04:37:39   26       0.167 | 0.953 0.865 0.480 0.959 | 0.683 0.624 0.179 0.000 
2007_1                                   04:47:50   27       0.169 | 0.948 0.645 0.757 0.957 | 0.465 0.671 0.494 0.163 
2007_1                                   04:58:00   28       0.164 | 0.923 0.510 0.746 0.950 | 0.454 0.577 0.594 0.231 
2007_1                                   05:08:13   29       0.167 | 0.944 0.831 0.370 0.949 | 0.652 0.532 0.219 0.073 
2007_1                                   05:18:23   30       0.168 | 0.945 0.842 0.370 0.956 | 0.641 0.536 0.146 0.073 
2007_1                                   05:28:36   31       0.168 | 0.958 0.770 0.676 0.962 | 0.601 0.699 0.327 0.103 
2007_1                                   05:38:48   32       0.164 | 0.943 0.608 0.780 0.957 | 0.430 0.659 0.549 0.253 
2007_1                                   05:48:55   33       0.164 | 0.951 0.663 0.775 0.961 | 0.487 0.690 0.510 0.193 
2007_1                                   05:59:01   34       0.162 | 0.951 0.769 0.538 0.947 | 0.456 0.618 0.310 0.073 
2007_1                                   06:09:09   35       0.155 | 0.956 0.741 0.694 0.966 | 0.588 0.693 0.547 0.253 
2007_1                                   06:19:20   36       0.144 | 0.954 0.688 0.763 0.966 | 0.552 0.699 0.537 0.243 
2007_1                                   06:29:28   37       0.143 | 0.957 0.725 0.746 0.967 | 0.565 0.712 0.526 0.231 
2007_1                                   06:39:32   38       0.139 | 0.957 0.744 0.705 0.969 | 0.615 0.701 0.421 0.163 
2007_1                                   06:49:49   39       0.139 | 0.958 0.748 0.705 0.969 | 0.596 0.704 0.601 0.292 
2007_1                                   07:00:01   40       0.139 | 0.957 0.747 0.699 0.970 | 0.621 0.700 0.596 0.302 
2007_1                                   07:10:09   41       0.136 | 0.952 0.675 0.757 0.969 | 0.538 0.689 0.582 0.274 
2007_1                                   07:20:20   42       0.134 | 0.962 0.790 0.717 0.972 | 0.635 0.732 0.577 0.264 
2007_1                                   07:30:32   43       0.136 | 0.958 0.747 0.717 0.972 | 0.636 0.709 0.572 0.284 
2007_1                                   07:40:42   44       0.134 | 0.958 0.744 0.723 0.972 | 0.633 0.711 0.572 0.264 
2007_1                                   07:50:54   45       0.131 | 0.961 0.747 0.769 0.970 | 0.631 0.737 0.629 0.343 
2007_1                                   08:01:03   46       0.132 | 0.959 0.741 0.746 0.971 | 0.611 0.721 0.601 0.301 
2007_1                                   08:11:18   47       0.134 | 0.960 0.735 0.769 0.971 | 0.609 0.730 0.634 0.358 
2007_1                                   08:21:28   48       0.131 | 0.962 0.760 0.751 0.973 | 0.610 0.735 0.542 0.264 
2007_1                                   08:31:41   49       0.127 | 0.962 0.766 0.757 0.971 | 0.623 0.741 0.601 0.293 
2007_1                                   08:41:49   50       0.131 | 0.957 0.694 0.827 0.971 | 0.563 0.735 0.625 0.343 
2007_1                                   08:51:58   51       0.130 | 0.956 0.683 0.821 0.970 | 0.566 0.725 0.638 0.395 
2007_1                                   09:02:06   52       0.128 | 0.958 0.720 0.775 0.972 | 0.614 0.724 0.629 0.274 
2007_1                                   09:12:13   53       0.129 | 0.962 0.734 0.815 0.975 | 0.635 0.753 0.620 0.284 
2007_1                                   09:22:19   54       0.126 | 0.957 0.704 0.798 0.972 | 0.599 0.726 0.673 0.351 
2007_1                                   09:32:22   55       0.123 | 0.963 0.763 0.780 0.973 | 0.619 0.752 0.629 0.336 
2007_1                                   09:42:31   56       0.128 | 0.962 0.762 0.757 0.973 | 0.626 0.739 0.601 0.302 
2007_1                                   09:52:42   57       0.126 | 0.962 0.754 0.780 0.974 | 0.628 0.747 0.624 0.292 
2007_1                                   10:02:56   58       0.125 | 0.960 0.729 0.792 0.974 | 0.618 0.738 0.642 0.359 
2007_1                                   10:13:10   59       0.127 | 0.964 0.822 0.694 0.975 | 0.678 0.736 0.567 0.264 
2007_1                                   10:23:20   60       0.125 | 0.963 0.808 0.705 0.974 | 0.676 0.735 0.542 0.243 
2007_1                                   10:33:36   61       0.126 | 0.965 0.830 0.705 0.969 | 0.653 0.747 0.526 0.163 
2007_1                                   10:43:41   62       0.125 | 0.966 0.780 0.798 0.975 | 0.627 0.770 0.577 0.243 
2007_1                                   10:53:54   63       0.124 | 0.960 0.758 0.723 0.973 | 0.641 0.718 0.615 0.292 
2007_1                                   11:04:10   64       0.124 | 0.964 0.770 0.775 0.973 | 0.646 0.753 0.638 0.264 
2007_1                                   11:14:26   65       0.118 | 0.963 0.753 0.792 0.974 | 0.649 0.752 0.647 0.319 
2007_1                                   11:24:49   66       0.124 | 0.965 0.789 0.757 0.974 | 0.679 0.754 0.592 0.231 
2007_1                                   11:35:01   67       0.124 | 0.966 0.846 0.699 0.973 | 0.693 0.752 0.572 0.231 
2007_1                                   11:45:10   68       0.124 | 0.964 0.781 0.763 0.977 | 0.640 0.753 0.606 0.253 
2007_1                                   11:55:22   69       0.123 | 0.964 0.760 0.803 0.976 | 0.641 0.762 0.615 0.243 
2007_1                                   12:05:28   70       0.121 | 0.962 0.737 0.809 0.975 | 0.656 0.752 0.625 0.311 
2007_1                                   12:18:16   71       0.120 | 0.956 0.676 0.855 0.973 | 0.580 0.737 0.698 0.381 
2007_1                                   12:33:12   72       0.120 | 0.962 0.733 0.809 0.976 | 0.612 0.749 0.624 0.264 
2007_1                                   12:48:09   73       0.117 | 0.962 0.753 0.775 0.974 | 0.650 0.743 0.633 0.253 
2007_1                                   12:59:39   74       0.117 | 0.966 0.799 0.757 0.975 | 0.673 0.759 0.610 0.231 
2007_1                                   13:09:48   75       0.117 | 0.966 0.793 0.775 0.975 | 0.672 0.765 0.610 0.231 
2007_1                                   13:19:59   76       0.117 | 0.966 0.782 0.786 0.974 | 0.655 0.765 0.606 0.253 
2007_1                                   13:30:12   77       0.119 | 0.965 0.780 0.780 0.975 | 0.655 0.761 0.610 0.274 
2007_1                                   13:40:27   78       0.118 | 0.964 0.768 0.786 0.974 | 0.657 0.758 0.596 0.253 
2007_1                                   13:50:40   79       0.118 | 0.963 0.753 0.792 0.975 | 0.655 0.752 0.601 0.243 
2007_1                                   14:00:51   80       0.116 | 0.966 0.795 0.763 0.975 | 0.670 0.760 0.606 0.264 
2007_1                                   14:11:04   81       0.114 | 0.964 0.771 0.780 0.976 | 0.658 0.756 0.620 0.264 
2007_1                                   14:21:18   82       0.116 | 0.966 0.780 0.798 0.976 | 0.664 0.770 0.624 0.284 
2007_1                                   14:31:29   83       0.115 | 0.963 0.760 0.786 0.974 | 0.666 0.753 0.633 0.284 
2007_1                                   14:41:39   84       0.116 | 0.964 0.764 0.786 0.976 | 0.675 0.755 0.633 0.284 
2007_1                                   14:51:49   85       0.118 | 0.964 0.762 0.798 0.976 | 0.672 0.760 0.620 0.264 
2007_1                                   15:01:56   86       0.112 | 0.964 0.758 0.798 0.975 | 0.668 0.758 0.624 0.274 
2007_1                                   15:12:05   87       0.114 | 0.964 0.758 0.798 0.976 | 0.673 0.758 0.633 0.293 
2007_1                                   15:22:21   88       0.116 | 0.965 0.773 0.786 0.976 | 0.675 0.760 0.624 0.274 
2007_1                                   15:32:32   89       0.113 | 0.966 0.775 0.798 0.976 | 0.669 0.768 0.620 0.274 
2007_1                                   15:42:47   90       0.116 | 0.966 0.792 0.769 0.976 | 0.666 0.762 0.647 0.284 
2007_1                                   15:52:54   91       0.116 | 0.963 0.763 0.780 0.976 | 0.675 0.752 0.629 0.284 
2007_1                                   16:03:00   92       0.114 | 0.964 0.775 0.775 0.975 | 0.665 0.755 0.615 0.274 
2007_1                                   16:13:13   93       0.115 | 0.962 0.750 0.780 0.975 | 0.664 0.744 0.610 0.284 
2007_1                                   16:23:26   94       0.119 | 0.966 0.778 0.792 0.976 | 0.667 0.766 0.615 0.274 
2007_1                                   16:33:37   95       0.117 | 0.964 0.771 0.780 0.976 | 0.674 0.756 0.629 0.264 
2007_1                                   16:43:53   96       0.115 | 0.966 0.780 0.798 0.976 | 0.674 0.770 0.624 0.293 
2007_1                                   16:54:03   97       0.115 | 0.966 0.777 0.803 0.976 | 0.677 0.771 0.633 0.284 
2007_1                                   17:04:21   98       0.113 | 0.965 0.773 0.786 0.973 | 0.667 0.760 0.629 0.293 
2007_1                                   17:14:38   99       0.115 | 0.964 0.762 0.798 0.976 | 0.664 0.760 0.629 0.264 
