0607_0                                   00:13:28    0       0.513 | 0.790 0.166 0.410 0.674 0.159 0.142 0.000 
0607_0                                   00:26:47    1       0.427 | 0.634 0.149 0.769 0.789 0.215 0.266 0.000 
0607_0                                   00:40:05    2       0.387 | 0.902 0.433 0.746 0.930 0.521 0.433 0.179 
0607_0                                   00:53:24    3       0.369 | 0.708 0.206 0.942 0.928 0.354 0.549 0.499 
0607_0                                   01:06:41    4       0.350 | 0.925 0.523 0.671 0.927 0.552 0.422 0.073 
0607_0                                   01:19:58    5       0.339 | 0.863 0.352 0.861 0.933 0.495 0.405 0.073 
0607_0                                   01:33:15    6       0.331 | 0.656 0.184 0.971 0.943 0.329 0.508 0.619 
0607_0                                   01:44:43    7       0.321 | 0.470 0.130 0.994 0.926 0.232 0.416 0.497 
0607_0                                   01:54:50    8       0.321 | 0.850 0.338 0.936 0.952 0.508 0.635 0.424 
0607_0                                   02:08:18    9       0.314 | 0.821 0.299 0.931 0.950 0.465 0.683 0.408 
0607_0                                   02:21:48   10       0.311 | 0.873 0.372 0.884 0.953 0.522 0.621 0.519 
0607_0                                   02:35:18   11       0.309 | 0.947 0.636 0.786 0.955 0.679 0.490 0.126 
0607_0                                   02:48:46   12       0.305 | 0.889 0.408 0.902 0.945 0.561 0.617 0.484 
0607_0                                   03:02:07   13       0.297 | 0.889 0.408 0.890 0.958 0.557 0.623 0.428 
0607_0                                   03:15:29   14       0.295 | 0.760 0.238 0.925 0.945 0.393 0.634 0.443 
0607_0                                   03:28:51   15       0.297 | 0.937 0.572 0.803 0.950 0.646 0.587 0.206 
0607_0                                   03:42:12   16       0.293 | 0.883 0.390 0.850 0.937 0.525 0.609 0.499 
0607_0                                   03:55:33   17       0.289 | 0.939 0.586 0.786 0.959 0.647 0.589 0.219 
0607_0                                   04:08:55   18       0.289 | 0.847 0.331 0.908 0.957 0.491 0.700 0.461 
0607_0                                   04:22:16   19       0.282 | 0.948 0.640 0.792 0.951 0.685 0.602 0.242 
0607_0                                   04:35:37   20       0.282 | 0.896 0.426 0.896 0.960 0.574 0.678 0.510 
0607_0                                   04:49:28   21       0.284 | 0.840 0.323 0.931 0.954 0.491 0.669 0.590 
0607_0                                   05:00:52   22       0.286 | 0.367 0.109 0.977 0.879 0.173 0.346 0.511 
0607_0                                   05:13:36   23       0.280 | 0.916 0.482 0.861 0.961 0.606 0.638 0.193 
0607_0                                   05:26:52   24       0.276 | 0.923 0.510 0.850 0.959 0.622 0.631 0.465 
0607_0                                   05:40:07   25       0.277 | 0.803 0.282 0.960 0.960 0.456 0.631 0.564 
0607_0                                   05:53:22   26       0.278 | 0.916 0.482 0.867 0.958 0.608 0.659 0.179 
0607_0                                   06:06:37   27       0.278 | 0.909 0.462 0.879 0.956 0.597 0.703 0.193 
0607_0                                   06:19:55   28       0.269 | 0.835 0.315 0.925 0.957 0.481 0.681 0.408 
0607_0                                   06:33:13   29       0.272 | 0.914 0.477 0.902 0.965 0.618 0.711 0.319 
0607_0                                   06:46:32   30       0.273 | 0.908 0.457 0.867 0.958 0.589 0.643 0.381 
0607_0                                   06:59:51   31       0.268 | 0.895 0.424 0.913 0.963 0.579 0.666 0.311 
0607_0                                   07:13:09   32       0.271 | 0.884 0.397 0.908 0.960 0.554 0.681 0.421 
0607_0                                   07:26:25   33       0.274 | 0.888 0.406 0.884 0.954 0.552 0.665 0.398 
0607_0                                   07:39:43   34       0.270 | 0.914 0.477 0.896 0.965 0.616 0.703 0.447 
0607_0                                   07:53:02   35       0.268 | 0.849 0.338 0.942 0.964 0.510 0.632 0.579 
0607_0                                   08:06:18   36       0.266 | 0.934 0.556 0.838 0.961 0.650 0.637 0.477 
0607_0                                   08:19:36   37       0.261 | 0.919 0.495 0.867 0.955 0.618 0.674 0.466 
0607_0                                   08:32:53   38       0.261 | 0.885 0.402 0.908 0.955 0.557 0.687 0.485 
0607_0                                   08:46:10   39       0.259 | 0.918 0.488 0.809 0.944 0.588 0.627 0.422 
0607_0                                   08:59:29   40       0.239 | 0.907 0.454 0.890 0.961 0.595 0.727 0.461 
0607_0                                   09:12:47   41       0.227 | 0.912 0.472 0.884 0.959 0.607 0.712 0.441 
0607_0                                   09:26:02   42       0.218 | 0.916 0.484 0.896 0.961 0.622 0.715 0.530 
0607_0                                   09:39:17   43       0.217 | 0.935 0.561 0.855 0.960 0.661 0.713 0.489 
0607_0                                   09:52:32   44       0.210 | 0.898 0.431 0.908 0.966 0.583 0.704 0.561 
0607_0                                   10:05:47   45       0.211 | 0.905 0.449 0.896 0.965 0.593 0.721 0.517 
0607_0                                   10:19:01   46       0.207 | 0.918 0.492 0.902 0.960 0.630 0.706 0.488 
0607_0                                   10:32:15   47       0.207 | 0.922 0.503 0.867 0.960 0.624 0.718 0.488 
0607_0                                   10:45:30   48       0.203 | 0.907 0.457 0.884 0.961 0.595 0.732 0.588 
0607_0                                   10:58:43   49       0.205 | 0.910 0.464 0.890 0.965 0.603 0.723 0.483 
0607_0                                   11:11:57   50       0.201 | 0.905 0.449 0.884 0.964 0.588 0.717 0.558 
0607_0                                   11:25:10   51       0.197 | 0.920 0.497 0.873 0.961 0.622 0.709 0.523 
0607_0                                   11:38:24   52       0.199 | 0.921 0.502 0.879 0.962 0.628 0.713 0.529 
0607_0                                   11:51:38   53       0.194 | 0.907 0.454 0.890 0.962 0.595 0.706 0.573 
0607_0                                   12:04:51   54       0.194 | 0.920 0.498 0.879 0.964 0.625 0.717 0.537 
0607_0                                   12:18:04   55       0.196 | 0.918 0.492 0.890 0.963 0.625 0.716 0.558 
0607_0                                   12:31:17   56       0.193 | 0.922 0.505 0.867 0.959 0.626 0.711 0.526 
0607_0                                   12:44:32   57       0.192 | 0.908 0.459 0.884 0.964 0.597 0.727 0.543 
0607_0                                   12:57:44   58       0.189 | 0.922 0.503 0.884 0.960 0.631 0.714 0.548 
0607_0                                   13:10:58   59       0.182 | 0.917 0.487 0.884 0.961 0.619 0.744 0.583 
0607_0                                   13:24:11   60       0.183 | 0.920 0.497 0.879 0.961 0.624 0.725 0.548 
0607_0                                   13:37:25   61       0.180 | 0.923 0.510 0.879 0.961 0.634 0.724 0.532 
0607_0                                   13:50:39   62       0.182 | 0.918 0.492 0.884 0.962 0.623 0.727 0.578 
0607_0                                   14:03:51   63       0.182 | 0.916 0.483 0.890 0.962 0.618 0.721 0.558 
0607_0                                   14:17:04   64       0.184 | 0.915 0.481 0.890 0.962 0.617 0.737 0.592 
0607_0                                   14:30:19   65       0.180 | 0.914 0.477 0.884 0.961 0.611 0.714 0.588 
0607_0                                   14:43:35   66       0.181 | 0.918 0.492 0.884 0.962 0.623 0.728 0.564 
0607_0                                   14:56:47   67       0.182 | 0.908 0.459 0.896 0.961 0.601 0.712 0.613 
0607_0                                   15:10:02   68       0.176 | 0.917 0.486 0.884 0.962 0.618 0.728 0.575 
0607_0                                   15:23:17   69       0.183 | 0.919 0.495 0.884 0.962 0.625 0.734 0.533 
0607_0                                   15:36:31   70       0.176 | 0.914 0.477 0.890 0.961 0.613 0.744 0.599 
0607_0                                   15:49:45   71       0.181 | 0.915 0.481 0.890 0.962 0.617 0.721 0.574 
0607_0                                   16:02:59   72       0.185 | 0.919 0.494 0.884 0.962 0.624 0.734 0.564 
0607_0                                   16:16:13   73       0.181 | 0.920 0.498 0.890 0.962 0.630 0.731 0.574 
0607_0                                   16:29:27   74       0.184 | 0.916 0.484 0.879 0.962 0.614 0.725 0.543 
0607_0                                   16:42:41   75       0.177 | 0.919 0.495 0.879 0.962 0.623 0.724 0.549 
0607_0                                   16:55:53   76       0.180 | 0.918 0.489 0.879 0.961 0.618 0.724 0.529 
0607_0                                   17:09:07   77       0.182 | 0.918 0.489 0.890 0.961 0.623 0.729 0.549 
0607_0                                   17:22:22   78       0.179 | 0.917 0.486 0.884 0.963 0.618 0.743 0.559 
0607_0                                   17:35:36   79       0.179 | 0.920 0.497 0.884 0.959 0.626 0.727 0.548 
0607_0                                   17:48:50   80       0.182 | 0.921 0.500 0.879 0.961 0.626 0.727 0.553 
0607_0                                   18:02:05   81       0.177 | 0.916 0.484 0.884 0.961 0.617 0.728 0.569 
0607_0                                   18:15:20   82       0.180 | 0.917 0.487 0.884 0.962 0.619 0.717 0.573 
0607_0                                   18:28:35   83       0.182 | 0.921 0.500 0.884 0.961 0.629 0.728 0.558 
0607_0                                   18:41:50   84       0.176 | 0.915 0.481 0.879 0.962 0.612 0.729 0.573 
0607_0                                   18:55:02   85       0.177 | 0.918 0.490 0.884 0.962 0.622 0.728 0.568 
0607_0                                   19:08:17   86       0.185 | 0.922 0.505 0.884 0.963 0.633 0.723 0.543 
0607_0                                   19:21:32   87       0.179 | 0.918 0.489 0.890 0.962 0.623 0.724 0.560 
0607_0                                   19:34:47   88       0.178 | 0.919 0.494 0.890 0.962 0.626 0.726 0.570 
0607_0                                   19:48:02   89       0.178 | 0.919 0.494 0.884 0.962 0.624 0.734 0.554 
0607_0                                   20:01:16   90       0.180 | 0.918 0.490 0.884 0.962 0.622 0.728 0.583 
0607_0                                   20:12:59   91       0.178 | 0.916 0.483 0.884 0.961 0.616 0.726 0.564 
0607_0                                   20:22:41   92       0.177 | 0.914 0.478 0.890 0.961 0.614 0.710 0.584 
0607_0                                   20:32:20   93       0.179 | 0.915 0.479 0.879 0.962 0.611 0.728 0.583 
0607_0                                   20:41:59   94       0.182 | 0.920 0.497 0.884 0.962 0.626 0.733 0.563 
0607_0                                   20:51:44   95       0.186 | 0.920 0.497 0.884 0.962 0.626 0.723 0.563 
0607_0                                   21:01:28   96       0.175 | 0.915 0.481 0.884 0.962 0.614 0.738 0.575 
0607_0                                   21:11:08   97       0.178 | 0.917 0.486 0.884 0.962 0.618 0.737 0.574 
0607_0                                   21:20:48   98       0.178 | 0.916 0.484 0.884 0.961 0.617 0.725 0.590 
0607_0                                   21:30:29   99       0.178 | 0.923 0.508 0.890 0.961 0.638 0.734 0.533 
