0207_5                                   00:02:37    0       0.585 | 0.611 0.191 0.957 0.879 0.312 0.389 0.189 
0207_5                                   00:05:05    1       0.506 | 0.908 0.528 0.275 0.858 0.337 0.115 0.000 
0207_5                                   00:07:32    2       0.481 | 0.404 0.137 1.000 0.879 0.216 0.339 0.432 
0207_5                                   00:10:00    3       0.468 | 0.624 0.196 0.952 0.908 0.318 0.500 0.256 
0207_5                                   00:12:28    4       0.455 | 0.865 0.398 0.826 0.917 0.512 0.478 0.175 
0207_5                                   00:14:56    5       0.441 | 0.747 0.262 0.918 0.921 0.402 0.540 0.248 
0207_5                                   00:17:24    6       0.432 | 0.749 0.266 0.937 0.936 0.414 0.547 0.318 
0207_5                                   00:19:52    7       0.430 | 0.890 0.450 0.744 0.934 0.523 0.357 0.000 
0207_5                                   00:22:20    8       0.427 | 0.782 0.291 0.903 0.928 0.433 0.562 0.389 
0207_5                                   00:24:48    9       0.421 | 0.768 0.278 0.908 0.927 0.419 0.542 0.238 
0207_5                                   00:27:16   10       0.418 | 0.631 0.200 0.966 0.919 0.330 0.535 0.447 
0207_5                                   00:29:44   11       0.414 | 0.812 0.321 0.884 0.930 0.459 0.473 0.066 
0207_5                                   00:32:12   12       0.412 | 0.891 0.457 0.763 0.934 0.536 0.504 0.132 
0207_5                                   00:34:40   13       0.410 | 0.854 0.382 0.879 0.944 0.518 0.565 0.230 
0207_5                                   00:37:08   14       0.409 | 0.867 0.406 0.865 0.941 0.534 0.513 0.210 
0207_5                                   00:39:36   15       0.406 | 0.788 0.297 0.908 0.930 0.441 0.451 0.000 
0207_5                                   00:42:04   16       0.404 | 0.893 0.463 0.797 0.937 0.555 0.371 0.000 
0207_5                                   00:44:32   17       0.402 | 0.853 0.380 0.860 0.934 0.508 0.553 0.265 
0207_5                                   00:47:00   18       0.399 | 0.748 0.267 0.947 0.935 0.418 0.552 0.517 
0207_5                                   00:49:27   19       0.398 | 0.904 0.495 0.720 0.939 0.546 0.483 0.132 
0207_5                                   00:51:55   20       0.395 | 0.884 0.441 0.855 0.950 0.561 0.589 0.210 
0207_5                                   00:54:23   21       0.392 | 0.864 0.398 0.850 0.937 0.522 0.547 0.239 
0207_5                                   00:56:51   22       0.393 | 0.891 0.460 0.826 0.945 0.564 0.498 0.148 
0207_5                                   00:59:19   23       0.391 | 0.906 0.503 0.729 0.947 0.557 0.503 0.132 
0207_5                                   01:01:47   24       0.390 | 0.692 0.231 0.966 0.936 0.377 0.563 0.393 
0207_5                                   01:04:15   25       0.392 | 0.917 0.546 0.710 0.943 0.578 0.499 0.199 
0207_5                                   01:06:43   26       0.388 | 0.895 0.468 0.807 0.947 0.563 0.515 0.115 
0207_5                                   01:09:11   27       0.386 | 0.763 0.276 0.923 0.941 0.421 0.582 0.602 
0207_5                                   01:11:39   28       0.385 | 0.725 0.249 0.942 0.937 0.394 0.569 0.248 
0207_5                                   01:14:07   29       0.386 | 0.915 0.541 0.676 0.941 0.558 0.488 0.199 
0207_5                                   01:16:35   30       0.381 | 0.841 0.362 0.894 0.944 0.504 0.608 0.357 
0207_5                                   01:19:03   31       0.351 | 0.874 0.421 0.884 0.950 0.555 0.619 0.388 
0207_5                                   01:21:31   32       0.346 | 0.888 0.452 0.860 0.954 0.572 0.638 0.376 
0207_5                                   01:23:59   33       0.340 | 0.881 0.438 0.889 0.955 0.572 0.640 0.338 
0207_5                                   01:26:27   34       0.339 | 0.869 0.413 0.894 0.953 0.552 0.629 0.257 
0207_5                                   01:28:55   35       0.335 | 0.885 0.445 0.879 0.957 0.574 0.635 0.351 
0207_5                                   01:31:23   36       0.329 | 0.884 0.444 0.889 0.956 0.577 0.624 0.346 
0207_5                                   01:33:51   37       0.331 | 0.878 0.431 0.899 0.955 0.569 0.651 0.370 
0207_5                                   01:36:19   38       0.329 | 0.878 0.430 0.894 0.958 0.567 0.645 0.388 
0207_5                                   01:38:47   39       0.325 | 0.873 0.420 0.889 0.956 0.556 0.662 0.339 
0207_5                                   01:41:15   40       0.324 | 0.883 0.441 0.879 0.958 0.570 0.689 0.332 
0207_5                                   01:43:43   41       0.323 | 0.877 0.428 0.874 0.955 0.557 0.665 0.333 
0207_5                                   01:46:11   42       0.323 | 0.878 0.432 0.903 0.958 0.572 0.670 0.289 
0207_5                                   01:48:40   43       0.319 | 0.881 0.437 0.889 0.957 0.571 0.647 0.421 
0207_5                                   01:51:08   44       0.320 | 0.874 0.422 0.899 0.957 0.561 0.647 0.297 
0207_5                                   01:53:36   45       0.316 | 0.890 0.458 0.903 0.958 0.595 0.669 0.452 
0207_5                                   01:56:04   46       0.316 | 0.874 0.422 0.899 0.961 0.561 0.667 0.472 
0207_5                                   01:58:32   47       0.315 | 0.892 0.463 0.865 0.959 0.583 0.672 0.175 
0207_5                                   02:01:00   48       0.313 | 0.871 0.418 0.908 0.959 0.562 0.652 0.394 
0207_5                                   02:03:28   49       0.310 | 0.879 0.433 0.874 0.959 0.562 0.672 0.332 
0207_5                                   02:05:55   50       0.309 | 0.888 0.452 0.865 0.960 0.574 0.695 0.364 
0207_5                                   02:08:24   51       0.310 | 0.881 0.438 0.894 0.961 0.574 0.691 0.437 
0207_5                                   02:10:52   52       0.311 | 0.868 0.410 0.908 0.959 0.555 0.641 0.358 
0207_5                                   02:13:19   53       0.309 | 0.872 0.419 0.908 0.960 0.563 0.654 0.394 
0207_5                                   02:15:48   54       0.304 | 0.886 0.449 0.874 0.958 0.575 0.681 0.365 
0207_5                                   02:18:16   55       0.308 | 0.890 0.459 0.874 0.957 0.584 0.646 0.376 
0207_5                                   02:20:44   56       0.306 | 0.879 0.433 0.889 0.959 0.567 0.689 0.481 
0207_5                                   02:23:12   57       0.299 | 0.884 0.443 0.879 0.959 0.572 0.653 0.427 
0207_5                                   02:25:40   58       0.299 | 0.893 0.466 0.889 0.961 0.595 0.694 0.422 
0207_5                                   02:28:08   59       0.298 | 0.887 0.451 0.889 0.960 0.583 0.673 0.432 
0207_5                                   02:30:36   60       0.295 | 0.890 0.458 0.874 0.959 0.583 0.662 0.422 
0207_5                                   02:33:04   61       0.300 | 0.888 0.455 0.903 0.960 0.592 0.668 0.427 
0207_5                                   02:35:32   62       0.298 | 0.887 0.452 0.889 0.959 0.584 0.689 0.427 
0207_5                                   02:38:00   63       0.299 | 0.883 0.442 0.899 0.959 0.579 0.692 0.458 
0207_5                                   02:40:28   64       0.296 | 0.886 0.450 0.884 0.960 0.580 0.670 0.422 
0207_5                                   02:42:56   65       0.295 | 0.886 0.450 0.894 0.959 0.584 0.691 0.406 
0207_5                                   02:45:24   66       0.296 | 0.889 0.457 0.889 0.960 0.588 0.694 0.417 
0207_5                                   02:47:52   67       0.292 | 0.885 0.448 0.889 0.958 0.580 0.689 0.410 
0207_5                                   02:50:20   68       0.297 | 0.883 0.443 0.894 0.959 0.578 0.695 0.410 
0207_5                                   02:52:48   69       0.294 | 0.886 0.450 0.894 0.960 0.584 0.679 0.406 
0207_5                                   02:55:16   70       0.292 | 0.887 0.451 0.894 0.961 0.585 0.678 0.394 
0207_5                                   02:57:44   71       0.294 | 0.885 0.448 0.889 0.960 0.580 0.676 0.400 
0207_5                                   03:00:12   72       0.292 | 0.891 0.461 0.889 0.961 0.591 0.689 0.406 
0207_5                                   03:02:41   73       0.294 | 0.887 0.452 0.894 0.962 0.586 0.675 0.400 
0207_5                                   03:05:09   74       0.294 | 0.890 0.458 0.903 0.961 0.595 0.686 0.400 
0207_5                                   03:07:37   75       0.293 | 0.885 0.447 0.884 0.958 0.578 0.670 0.394 
0207_5                                   03:10:05   76       0.294 | 0.890 0.460 0.889 0.960 0.590 0.704 0.399 
0207_5                                   03:12:33   77       0.293 | 0.886 0.449 0.884 0.959 0.579 0.687 0.406 
0207_5                                   03:15:01   78       0.296 | 0.883 0.443 0.894 0.959 0.578 0.689 0.405 
0207_5                                   03:17:29   79       0.290 | 0.893 0.466 0.889 0.961 0.595 0.690 0.389 
0207_5                                   03:19:57   80       0.295 | 0.888 0.453 0.879 0.960 0.580 0.677 0.410 
0207_5                                   03:22:25   81       0.297 | 0.885 0.446 0.874 0.958 0.573 0.664 0.394 
0207_5                                   03:24:53   82       0.295 | 0.883 0.443 0.894 0.958 0.578 0.664 0.422 
0207_5                                   03:27:21   83       0.294 | 0.885 0.447 0.899 0.959 0.583 0.682 0.421 
0207_5                                   03:29:49   84       0.294 | 0.887 0.451 0.894 0.960 0.585 0.672 0.406 
0207_5                                   03:32:17   85       0.292 | 0.889 0.455 0.884 0.959 0.584 0.685 0.394 
0207_5                                   03:34:45   86       0.291 | 0.890 0.458 0.894 0.959 0.591 0.692 0.411 
0207_5                                   03:37:13   87       0.296 | 0.888 0.453 0.889 0.960 0.585 0.683 0.406 
0207_5                                   03:39:41   88       0.292 | 0.882 0.440 0.894 0.960 0.576 0.687 0.422 
0207_5                                   03:42:09   89       0.293 | 0.883 0.443 0.894 0.959 0.578 0.673 0.416 
0207_5                                   03:44:37   90       0.295 | 0.882 0.439 0.889 0.960 0.573 0.686 0.399 
0207_5                                   03:47:05   91       0.291 | 0.882 0.439 0.889 0.959 0.573 0.680 0.448 
0207_5                                   03:49:33   92       0.290 | 0.881 0.436 0.874 0.960 0.564 0.684 0.427 
0207_5                                   03:52:01   93       0.292 | 0.883 0.441 0.889 0.958 0.575 0.654 0.422 
0207_5                                   03:54:29   94       0.293 | 0.890 0.458 0.884 0.960 0.586 0.674 0.406 
0207_5                                   03:56:57   95       0.293 | 0.889 0.456 0.894 0.959 0.589 0.674 0.411 
0207_5                                   03:59:25   96       0.294 | 0.885 0.448 0.889 0.959 0.580 0.682 0.416 
0207_5                                   04:01:53   97       0.293 | 0.886 0.449 0.889 0.959 0.581 0.690 0.422 
0207_5                                   04:04:21   98       0.292 | 0.883 0.442 0.889 0.958 0.575 0.658 0.422 
0207_5                                   04:06:49   99       0.294 | 0.889 0.457 0.889 0.959 0.588 0.674 0.417 
