1907_0                                   00:07:18    0       0.316 | 0.921 0.000 0.000 0.672 | 0.116 0.000 0.000 0.000 
1907_0                                   00:14:32    1       0.270 | 0.923 0.527 0.283 0.845 | 0.317 0.350 0.000 0.000 
1907_0                                   00:21:32    2       0.231 | 0.925 0.562 0.237 0.879 | 0.371 0.332 0.073 0.000 
1907_0                                   00:28:27    3       0.217 | 0.895 0.387 0.555 0.852 | 0.261 0.408 0.123 0.000 
1907_0                                   00:35:40    4       0.211 | 0.893 0.397 0.671 0.906 | 0.313 0.463 0.242 0.000 
1907_0                                   00:42:53    5       0.200 | 0.903 0.434 0.717 0.914 | 0.264 0.509 0.303 0.073 
1907_0                                   00:49:37    6       0.195 | 0.935 0.804 0.237 0.912 | 0.520 0.415 0.073 0.000 
1907_0                                   00:56:49    7       0.185 | 0.912 0.463 0.659 0.923 | 0.346 0.507 0.466 0.151 
1907_0                                   01:04:02    8       0.182 | 0.940 0.825 0.301 0.911 | 0.563 0.476 0.163 0.000 
1907_0                                   01:10:50    9       0.184 | 0.890 0.406 0.832 0.937 | 0.339 0.532 0.509 0.301 
1907_0                                   01:17:59   10       0.181 | 0.947 0.689 0.601 0.939 | 0.407 0.615 0.219 0.000 
1907_0                                   01:25:12   11       0.176 | 0.926 0.773 0.098 0.733 | 0.431 0.259 0.000 0.000 
1907_0                                   01:32:11   12       0.175 | 0.947 0.777 0.462 0.951 | 0.595 0.575 0.310 0.147 
1907_0                                   01:39:09   13       0.170 | 0.950 0.814 0.480 0.946 | 0.543 0.602 0.292 0.081 
1907_0                                   01:46:22   14       0.167 | 0.909 0.458 0.809 0.932 | 0.328 0.565 0.477 0.106 
1907_0                                   01:53:33   15       0.169 | 0.948 0.673 0.665 0.947 | 0.484 0.640 0.351 0.128 
1907_0                                   02:00:19   16       0.168 | 0.937 0.581 0.723 0.951 | 0.408 0.614 0.453 0.206 
1907_0                                   02:07:32   17       0.168 | 0.944 0.624 0.740 0.955 | 0.420 0.650 0.441 0.126 
1907_0                                   02:14:45   18       0.165 | 0.938 0.865 0.260 0.954 | 0.644 0.455 0.151 0.000 
1907_0                                   02:21:33   19       0.167 | 0.950 0.746 0.561 0.957 | 0.572 0.621 0.327 0.126 
1907_0                                   02:28:43   20       0.166 | 0.932 0.550 0.798 0.950 | 0.372 0.628 0.522 0.253 
1907_0                                   02:35:57   21       0.164 | 0.888 0.403 0.861 0.941 | 0.304 0.541 0.584 0.273 
1907_0                                   02:42:54   22       0.164 | 0.949 0.715 0.595 0.942 | 0.541 0.626 0.397 0.092 
1907_0                                   02:49:51   23       0.172 | 0.940 0.639 0.572 0.933 | 0.418 0.573 0.336 0.179 
1907_0                                   02:57:03   24       0.165 | 0.942 0.606 0.775 0.952 | 0.423 0.655 0.441 0.146 
1907_0                                   03:04:14   25       0.160 | 0.940 0.828 0.306 0.916 | 0.651 0.482 0.273 0.081 
1907_0                                   03:11:01   26       0.161 | 0.950 0.682 0.682 0.950 | 0.382 0.655 0.394 0.146 
1907_0                                   03:18:16   27       0.161 | 0.948 0.895 0.393 0.951 | 0.683 0.573 0.207 0.000 
1907_0                                   03:25:29   28       0.163 | 0.942 0.632 0.636 0.943 | 0.460 0.602 0.409 0.128 
1907_0                                   03:32:14   29       0.161 | 0.953 0.716 0.671 0.943 | 0.577 0.667 0.428 0.193 
1907_0                                   03:39:25   30       0.160 | 0.944 0.629 0.705 0.953 | 0.356 0.635 0.471 0.147 
1907_0                                   03:46:39   31       0.158 | 0.958 0.820 0.607 0.964 | 0.593 0.685 0.351 0.106 
1907_0                                   03:53:35   32       0.160 | 0.951 0.708 0.659 0.953 | 0.546 0.657 0.395 0.147 
1907_0                                   04:00:36   33       0.159 | 0.956 0.810 0.590 0.961 | 0.571 0.669 0.394 0.179 
1907_0                                   04:07:48   34       0.154 | 0.953 0.845 0.503 0.958 | 0.638 0.631 0.292 0.000 
1907_0                                   04:14:57   35       0.164 | 0.947 0.645 0.746 0.960 | 0.444 0.665 0.460 0.126 
1907_0                                   04:21:45   36       0.155 | 0.951 0.698 0.682 0.956 | 0.501 0.664 0.388 0.103 
1907_0                                   04:28:59   37       0.159 | 0.948 0.841 0.428 0.953 | 0.614 0.578 0.179 0.000 
1907_0                                   04:36:12   38       0.157 | 0.956 0.794 0.601 0.965 | 0.655 0.668 0.301 0.000 
1907_0                                   04:42:57   39       0.152 | 0.954 0.706 0.723 0.961 | 0.509 0.689 0.440 0.146 
1907_0                                   04:50:09   40       0.154 | 0.954 0.786 0.572 0.959 | 0.603 0.647 0.319 0.073 
1907_0                                   04:57:23   41       0.153 | 0.951 0.672 0.746 0.965 | 0.456 0.681 0.557 0.163 
1907_0                                   05:04:19   42       0.154 | 0.960 0.761 0.717 0.963 | 0.576 0.717 0.559 0.242 
1907_0                                   05:11:20   43       0.156 | 0.951 0.874 0.439 0.944 | 0.654 0.599 0.310 0.103 
1907_0                                   05:18:32   44       0.153 | 0.956 0.873 0.514 0.957 | 0.661 0.650 0.253 0.000 
1907_0                                   05:25:39   45       0.150 | 0.960 0.789 0.671 0.958 | 0.647 0.706 0.494 0.103 
1907_0                                   05:32:28   46       0.150 | 0.956 0.803 0.590 0.960 | 0.616 0.666 0.343 0.106 
1907_0                                   05:39:41   47       0.152 | 0.957 0.748 0.688 0.958 | 0.582 0.694 0.494 0.264 
1907_0                                   05:46:52   48       0.154 | 0.953 0.703 0.699 0.953 | 0.532 0.676 0.447 0.126 
1907_0                                   05:53:34   49       0.148 | 0.958 0.836 0.590 0.962 | 0.678 0.682 0.351 0.179 
1907_0                                   06:00:46   50       0.150 | 0.874 0.378 0.913 0.955 | 0.274 0.538 0.586 0.319 
1907_0                                   06:07:58   51       0.157 | 0.958 0.785 0.653 0.963 | 0.574 0.694 0.415 0.163 
1907_0                                   06:14:53   52       0.150 | 0.955 0.731 0.676 0.951 | 0.582 0.679 0.471 0.179 
1907_0                                   06:21:54   53       0.142 | 0.963 0.756 0.786 0.968 | 0.585 0.751 0.583 0.273 
1907_0                                   06:29:05   54       0.134 | 0.963 0.788 0.728 0.969 | 0.619 0.737 0.625 0.301 
1907_0                                   06:36:11   55       0.132 | 0.964 0.790 0.740 0.973 | 0.618 0.745 0.578 0.253 
1907_0                                   06:42:59   56       0.133 | 0.963 0.808 0.705 0.970 | 0.642 0.735 0.547 0.231 
1907_0                                   06:50:11   57       0.131 | 0.962 0.800 0.694 0.967 | 0.654 0.725 0.542 0.253 
1907_0                                   06:57:22   58       0.130 | 0.961 0.772 0.723 0.970 | 0.654 0.726 0.596 0.231 
1907_0                                   07:04:04   59       0.129 | 0.960 0.753 0.740 0.969 | 0.651 0.725 0.587 0.293 
1907_0                                   07:11:16   60       0.127 | 0.963 0.791 0.723 0.968 | 0.654 0.736 0.531 0.207 
1907_0                                   07:18:27   61       0.127 | 0.962 0.808 0.682 0.970 | 0.659 0.722 0.521 0.193 
1907_0                                   07:25:20   62       0.127 | 0.964 0.795 0.740 0.968 | 0.617 0.748 0.562 0.207 
1907_0                                   07:32:19   63       0.124 | 0.962 0.779 0.734 0.969 | 0.658 0.736 0.587 0.264 
1907_0                                   07:39:30   64       0.125 | 0.964 0.787 0.746 0.969 | 0.644 0.746 0.592 0.293 
1907_0                                   07:46:35   65       0.121 | 0.963 0.766 0.775 0.970 | 0.632 0.750 0.624 0.319 
1907_0                                   07:53:23   66       0.125 | 0.964 0.784 0.757 0.970 | 0.633 0.751 0.606 0.284 
1907_0                                   08:00:34   67       0.125 | 0.962 0.771 0.740 0.969 | 0.654 0.735 0.596 0.302 
1907_0                                   08:07:46   68       0.121 | 0.964 0.794 0.734 0.970 | 0.648 0.744 0.601 0.284 
1907_0                                   08:14:28   69       0.122 | 0.962 0.774 0.734 0.970 | 0.648 0.733 0.610 0.293 
1907_0                                   08:21:39   70       0.124 | 0.964 0.788 0.751 0.970 | 0.657 0.750 0.596 0.302 
1907_0                                   08:28:51   71       0.122 | 0.965 0.798 0.751 0.971 | 0.647 0.755 0.606 0.302 
1907_0                                   08:35:44   72       0.122 | 0.962 0.762 0.757 0.969 | 0.633 0.739 0.606 0.328 
1907_0                                   08:42:44   73       0.124 | 0.964 0.781 0.763 0.970 | 0.636 0.753 0.596 0.302 
1907_0                                   08:49:55   74       0.123 | 0.965 0.790 0.763 0.971 | 0.665 0.758 0.587 0.274 
1907_0                                   08:57:01   75       0.121 | 0.965 0.796 0.746 0.970 | 0.654 0.752 0.582 0.284 
1907_0                                   09:03:50   76       0.123 | 0.964 0.783 0.751 0.970 | 0.638 0.748 0.592 0.302 
1907_0                                   09:11:01   77       0.123 | 0.964 0.781 0.763 0.970 | 0.644 0.753 0.592 0.284 
1907_0                                   09:18:12   78       0.122 | 0.962 0.772 0.746 0.969 | 0.644 0.739 0.596 0.274 
1907_0                                   09:24:54   79       0.122 | 0.963 0.778 0.751 0.970 | 0.654 0.745 0.606 0.293 
1907_0                                   09:32:06   80       0.121 | 0.965 0.789 0.757 0.970 | 0.641 0.754 0.606 0.302 
1907_0                                   09:39:18   81       0.120 | 0.963 0.778 0.751 0.971 | 0.638 0.745 0.610 0.319 
1907_0                                   09:46:11   82       0.121 | 0.963 0.774 0.751 0.970 | 0.641 0.742 0.610 0.319 
1907_0                                   09:53:12   83       0.120 | 0.966 0.795 0.763 0.970 | 0.643 0.760 0.596 0.302 
1907_0                                   10:00:23   84       0.121 | 0.964 0.788 0.751 0.971 | 0.647 0.750 0.606 0.302 
1907_0                                   10:07:28   85       0.124 | 0.963 0.772 0.763 0.970 | 0.649 0.748 0.615 0.328 
1907_0                                   10:14:17   86       0.119 | 0.964 0.781 0.763 0.970 | 0.644 0.753 0.601 0.293 
1907_0                                   10:21:29   87       0.120 | 0.963 0.782 0.746 0.970 | 0.647 0.744 0.606 0.302 
1907_0                                   10:28:40   88       0.120 | 0.963 0.778 0.751 0.970 | 0.640 0.745 0.620 0.319 
1907_0                                   10:35:21   89       0.120 | 0.963 0.774 0.751 0.970 | 0.641 0.742 0.633 0.328 
1907_0                                   10:42:33   90       0.121 | 0.967 0.809 0.757 0.970 | 0.653 0.764 0.615 0.319 
1907_0                                   10:49:44   91       0.121 | 0.965 0.782 0.769 0.970 | 0.632 0.756 0.629 0.344 
1907_0                                   10:56:37   92       0.120 | 0.966 0.796 0.769 0.970 | 0.641 0.764 0.620 0.336 
1907_0                                   11:03:37   93       0.119 | 0.965 0.790 0.763 0.971 | 0.650 0.758 0.610 0.336 
1907_0                                   11:10:49   94       0.124 | 0.962 0.773 0.728 0.970 | 0.656 0.730 0.592 0.293 
1907_0                                   11:17:54   95       0.120 | 0.965 0.796 0.746 0.971 | 0.648 0.752 0.615 0.302 
1907_0                                   11:24:43   96       0.120 | 0.965 0.796 0.746 0.971 | 0.655 0.752 0.610 0.311 
1907_0                                   11:31:54   97       0.120 | 0.965 0.790 0.763 0.971 | 0.653 0.758 0.624 0.328 
1907_0                                   11:39:06   98       0.118 | 0.965 0.796 0.746 0.971 | 0.655 0.752 0.615 0.311 
1907_0                                   11:45:47   99       0.121 | 0.963 0.777 0.746 0.970 | 0.654 0.741 0.592 0.264 
