1507_1                                   00:07:36    0       0.585 | 0.599 0.163 0.983 0.889 0.297 0.421 0.284 
1507_1                                   00:15:08    1       0.435 | 0.907 0.435 0.578 0.903 0.452 0.179 0.000 
1507_1                                   00:22:54    2       0.387 | 0.934 0.639 0.399 0.918 0.473 0.298 0.073 
1507_1                                   00:30:31    3       0.351 | 0.690 0.193 0.919 0.917 0.328 0.538 0.363 
1507_1                                   00:37:56    4       0.342 | 0.762 0.243 0.942 0.939 0.403 0.574 0.638 
1507_1                                   00:45:23    5       0.325 | 0.858 0.345 0.884 0.946 0.497 0.618 0.469 
1507_1                                   00:53:08    6       0.316 | 0.889 0.405 0.850 0.949 0.538 0.665 0.441 
1507_1                                   01:00:51    7       0.316 | 0.880 0.389 0.902 0.949 0.544 0.634 0.376 
1507_1                                   01:08:16    8       0.308 | 0.833 0.313 0.931 0.955 0.481 0.661 0.310 
1507_1                                   01:15:41    9       0.306 | 0.855 0.346 0.925 0.946 0.511 0.614 0.476 
1507_1                                   01:23:24   10       0.299 | 0.751 0.235 0.954 0.939 0.397 0.547 0.557 
1507_1                                   01:31:11   11       0.298 | 0.874 0.373 0.867 0.951 0.517 0.639 0.366 
1507_1                                   01:38:39   12       0.295 | 0.835 0.318 0.948 0.955 0.492 0.658 0.434 
1507_1                                   01:46:04   13       0.288 | 0.851 0.337 0.908 0.949 0.497 0.619 0.484 
1507_1                                   01:53:46   14       0.288 | 0.910 0.465 0.879 0.946 0.599 0.653 0.428 
1507_1                                   02:01:32   15       0.289 | 0.913 0.475 0.879 0.951 0.607 0.678 0.292 
1507_1                                   02:09:01   16       0.285 | 0.871 0.374 0.925 0.957 0.539 0.678 0.459 
1507_1                                   02:16:27   17       0.281 | 0.867 0.365 0.919 0.957 0.528 0.645 0.453 
1507_1                                   02:24:07   18       0.280 | 0.937 0.580 0.757 0.944 0.629 0.577 0.263 
1507_1                                   02:31:54   19       0.280 | 0.916 0.484 0.902 0.960 0.624 0.691 0.389 
1507_1                                   02:39:25   20       0.277 | 0.923 0.510 0.861 0.958 0.627 0.611 0.311 
1507_1                                   02:46:52   21       0.276 | 0.954 0.700 0.728 0.960 0.689 0.562 0.179 
1507_1                                   02:54:30   22       0.276 | 0.901 0.439 0.919 0.966 0.594 0.696 0.366 
1507_1                                   03:02:16   23       0.271 | 0.826 0.306 0.942 0.958 0.477 0.666 0.510 
1507_1                                   03:09:49   24       0.271 | 0.811 0.290 0.960 0.955 0.465 0.615 0.611 
1507_1                                   03:17:15   25       0.274 | 0.876 0.379 0.884 0.951 0.528 0.644 0.293 
1507_1                                   03:24:50   26       0.269 | 0.936 0.566 0.838 0.962 0.657 0.505 0.103 
1507_1                                   03:32:36   27       0.266 | 0.803 0.282 0.960 0.955 0.456 0.614 0.453 
1507_1                                   03:40:12   28       0.266 | 0.877 0.381 0.890 0.957 0.533 0.680 0.533 
1507_1                                   03:47:40   29       0.266 | 0.893 0.418 0.902 0.958 0.570 0.655 0.327 
1507_1                                   03:55:13   30       0.258 | 0.860 0.353 0.919 0.951 0.517 0.637 0.428 
1507_1                                   04:02:59   31       0.262 | 0.835 0.313 0.908 0.938 0.473 0.594 0.553 
1507_1                                   04:10:39   32       0.261 | 0.912 0.471 0.855 0.951 0.595 0.623 0.366 
1507_1                                   04:18:06   33       0.233 | 0.913 0.476 0.925 0.962 0.627 0.705 0.499 
1507_1                                   04:25:34   34       0.216 | 0.926 0.518 0.908 0.959 0.652 0.696 0.542 
1507_1                                   04:33:21   35       0.212 | 0.909 0.462 0.913 0.962 0.611 0.689 0.563 
1507_1                                   04:41:04   36       0.208 | 0.912 0.473 0.896 0.962 0.612 0.692 0.553 
1507_1                                   04:48:30   37       0.206 | 0.910 0.466 0.902 0.960 0.609 0.695 0.568 
1507_1                                   04:55:56   38       0.203 | 0.916 0.483 0.913 0.958 0.628 0.707 0.547 
1507_1                                   05:03:40   39       0.199 | 0.912 0.473 0.925 0.959 0.624 0.734 0.577 
1507_1                                   05:11:26   40       0.197 | 0.917 0.486 0.913 0.959 0.630 0.722 0.578 
1507_1                                   05:18:54   41       0.195 | 0.926 0.520 0.913 0.960 0.656 0.731 0.587 
1507_1                                   05:26:20   42       0.194 | 0.922 0.505 0.908 0.965 0.642 0.735 0.582 
1507_1                                   05:34:00   43       0.193 | 0.902 0.445 0.936 0.962 0.606 0.726 0.567 
1507_1                                   05:41:47   44       0.189 | 0.892 0.420 0.936 0.963 0.584 0.684 0.652 
1507_1                                   05:49:17   45       0.191 | 0.911 0.468 0.925 0.958 0.620 0.717 0.552 
1507_1                                   05:56:43   46       0.186 | 0.912 0.473 0.902 0.953 0.615 0.724 0.567 
1507_1                                   06:04:21   47       0.186 | 0.912 0.470 0.913 0.964 0.617 0.731 0.607 
1507_1                                   06:12:07   48       0.184 | 0.907 0.459 0.942 0.962 0.620 0.716 0.587 
1507_1                                   06:19:38   49       0.179 | 0.912 0.473 0.902 0.961 0.615 0.717 0.572 
1507_1                                   06:27:04   50       0.182 | 0.929 0.533 0.896 0.959 0.658 0.729 0.562 
1507_1                                   06:34:42   51       0.181 | 0.898 0.434 0.931 0.958 0.594 0.726 0.615 
1507_1                                   06:42:27   52       0.180 | 0.932 0.544 0.861 0.955 0.652 0.746 0.537 
1507_1                                   06:49:58   53       0.176 | 0.917 0.486 0.902 0.956 0.625 0.735 0.494 
1507_1                                   06:57:23   54       0.177 | 0.904 0.448 0.919 0.962 0.601 0.728 0.643 
1507_1                                   07:05:00   55       0.175 | 0.930 0.536 0.902 0.957 0.663 0.721 0.587 
1507_1                                   07:12:46   56       0.174 | 0.924 0.513 0.925 0.956 0.655 0.696 0.592 
1507_1                                   07:20:18   57       0.170 | 0.934 0.553 0.908 0.958 0.678 0.716 0.582 
1507_1                                   07:27:44   58       0.170 | 0.924 0.513 0.902 0.958 0.646 0.725 0.662 
1507_1                                   07:35:21   59       0.167 | 0.930 0.534 0.913 0.951 0.666 0.718 0.615 
1507_1                                   07:43:07   60       0.166 | 0.934 0.552 0.896 0.956 0.672 0.720 0.572 
1507_1                                   07:50:41   61       0.170 | 0.921 0.500 0.931 0.961 0.648 0.708 0.679 
1507_1                                   07:58:07   62       0.168 | 0.929 0.534 0.873 0.956 0.649 0.699 0.582 
1507_1                                   08:05:42   63       0.159 | 0.928 0.525 0.896 0.956 0.653 0.703 0.638 
1507_1                                   08:13:29   64       0.158 | 0.929 0.529 0.902 0.957 0.658 0.724 0.597 
1507_1                                   08:19:52   65       0.158 | 0.926 0.518 0.908 0.953 0.652 0.713 0.611 
1507_1                                   08:25:37   66       0.158 | 0.927 0.523 0.908 0.955 0.656 0.704 0.620 
1507_1                                   08:31:21   67       0.160 | 0.929 0.532 0.908 0.956 0.663 0.718 0.624 
1507_1                                   08:37:05   68       0.155 | 0.922 0.505 0.913 0.955 0.644 0.741 0.630 
1507_1                                   08:42:49   69       0.155 | 0.938 0.567 0.902 0.957 0.686 0.729 0.592 
1507_1                                   08:48:34   70       0.159 | 0.934 0.548 0.919 0.957 0.680 0.708 0.606 
1507_1                                   08:54:19   71       0.153 | 0.926 0.518 0.902 0.955 0.650 0.720 0.625 
1507_1                                   09:00:03   72       0.155 | 0.931 0.540 0.902 0.957 0.666 0.718 0.615 
1507_1                                   09:05:46   73       0.155 | 0.930 0.534 0.908 0.956 0.664 0.714 0.629 
1507_1                                   09:11:31   74       0.156 | 0.931 0.540 0.902 0.956 0.666 0.729 0.606 
1507_1                                   09:17:16   75       0.152 | 0.938 0.568 0.896 0.958 0.684 0.718 0.615 
1507_1                                   09:23:00   76       0.158 | 0.933 0.545 0.919 0.959 0.677 0.705 0.624 
1507_1                                   09:28:45   77       0.152 | 0.930 0.534 0.913 0.955 0.666 0.720 0.624 
1507_1                                   09:34:29   78       0.157 | 0.929 0.529 0.902 0.952 0.658 0.710 0.624 
1507_1                                   09:40:15   79       0.154 | 0.932 0.544 0.896 0.953 0.666 0.719 0.620 
1507_1                                   09:45:59   80       0.157 | 0.929 0.529 0.896 0.955 0.656 0.708 0.629 
1507_1                                   09:51:44   81       0.154 | 0.929 0.532 0.908 0.956 0.663 0.719 0.621 
1507_1                                   09:57:28   82       0.155 | 0.932 0.544 0.884 0.954 0.662 0.707 0.629 
1507_1                                   10:03:13   83       0.154 | 0.936 0.559 0.908 0.957 0.682 0.730 0.610 
1507_1                                   10:08:57   84       0.153 | 0.931 0.538 0.908 0.957 0.667 0.731 0.642 
1507_1                                   10:14:43   85       0.151 | 0.926 0.519 0.890 0.955 0.645 0.721 0.625 
1507_1                                   10:20:27   86       0.149 | 0.928 0.527 0.902 0.955 0.657 0.721 0.656 
1507_1                                   10:26:12   87       0.158 | 0.927 0.521 0.913 0.956 0.657 0.705 0.651 
1507_1                                   10:31:56   88       0.150 | 0.929 0.529 0.890 0.955 0.653 0.720 0.606 
1507_1                                   10:37:41   89       0.157 | 0.928 0.527 0.913 0.956 0.661 0.721 0.643 
1507_1                                   10:43:26   90       0.155 | 0.926 0.520 0.908 0.956 0.654 0.718 0.638 
1507_1                                   10:49:11   91       0.155 | 0.931 0.540 0.890 0.955 0.661 0.710 0.633 
1507_1                                   10:54:55   92       0.152 | 0.929 0.530 0.913 0.954 0.664 0.708 0.616 
