0507_2                                   00:07:26    0       0.493 | 0.399 0.114 0.977 0.844 0.188 0.319 0.351 
0507_2                                   00:14:57    1       0.412 | 0.896 0.407 0.671 0.917 0.470 0.287 0.103 
0507_2                                   00:22:06    2       0.375 | 0.631 0.174 0.971 0.894 0.312 0.420 0.365 
0507_2                                   00:29:26    3       0.359 | 0.802 0.274 0.908 0.936 0.430 0.577 0.321 
0507_2                                   00:36:55    4       0.347 | 0.847 0.335 0.936 0.942 0.505 0.561 0.525 
0507_2                                   00:43:59    5       0.342 | 0.900 0.434 0.861 0.944 0.568 0.581 0.303 
0507_2                                   00:51:22    6       0.337 | 0.778 0.252 0.913 0.930 0.406 0.554 0.490 
0507_2                                   00:58:46    7       0.330 | 0.832 0.307 0.890 0.923 0.460 0.485 0.236 
0507_2                                   01:05:52    8       0.325 | 0.905 0.449 0.861 0.958 0.579 0.624 0.220 
0507_2                                   01:13:19    9       0.321 | 0.770 0.251 0.954 0.954 0.417 0.615 0.369 
0507_2                                   01:20:37   10       0.319 | 0.908 0.455 0.809 0.943 0.563 0.547 0.163 
0507_2                                   01:27:45   11       0.313 | 0.860 0.351 0.902 0.947 0.509 0.603 0.429 
0507_2                                   01:35:16   12       0.305 | 0.907 0.455 0.844 0.956 0.577 0.641 0.193 
0507_2                                   01:42:30   13       0.313 | 0.923 0.511 0.838 0.959 0.617 0.633 0.230 
0507_2                                   01:49:41   14       0.302 | 0.940 0.586 0.827 0.958 0.666 0.585 0.193 
0507_2                                   01:57:11   15       0.303 | 0.910 0.465 0.884 0.955 0.602 0.521 0.073 
0507_2                                   02:04:19   16       0.296 | 0.894 0.421 0.896 0.956 0.570 0.670 0.233 
0507_2                                   02:11:36   17       0.299 | 0.856 0.346 0.919 0.957 0.510 0.658 0.523 
0507_2                                   02:19:05   18       0.294 | 0.927 0.526 0.827 0.952 0.624 0.593 0.193 
0507_2                                   02:26:12   19       0.290 | 0.753 0.234 0.936 0.935 0.391 0.547 0.448 
0507_2                                   02:33:30   20       0.293 | 0.877 0.378 0.855 0.943 0.517 0.641 0.373 
0507_2                                   02:40:50   21       0.286 | 0.846 0.333 0.936 0.956 0.503 0.618 0.556 
0507_2                                   02:47:48   22       0.290 | 0.939 0.581 0.827 0.960 0.662 0.663 0.301 
0507_2                                   02:55:16   23       0.287 | 0.874 0.372 0.867 0.953 0.516 0.642 0.415 
0507_2                                   03:02:29   24       0.279 | 0.935 0.566 0.769 0.955 0.626 0.579 0.179 
0507_2                                   03:09:34   25       0.286 | 0.928 0.529 0.855 0.951 0.638 0.679 0.505 
0507_2                                   03:17:06   26       0.278 | 0.846 0.332 0.925 0.958 0.498 0.628 0.465 
0507_2                                   03:24:11   27       0.274 | 0.929 0.535 0.838 0.958 0.635 0.615 0.319 
0507_2                                   03:31:24   28       0.276 | 0.813 0.287 0.919 0.950 0.448 0.645 0.542 
0507_2                                   03:38:53   29       0.278 | 0.904 0.445 0.838 0.948 0.567 0.663 0.388 
0507_2                                   03:45:51   30       0.272 | 0.885 0.401 0.913 0.957 0.559 0.659 0.584 
0507_2                                   03:53:12   31       0.270 | 0.907 0.456 0.896 0.958 0.599 0.624 0.319 
0507_2                                   04:00:31   32       0.274 | 0.881 0.393 0.913 0.961 0.552 0.645 0.273 
0507_2                                   04:07:28   33       0.276 | 0.937 0.577 0.780 0.951 0.638 0.584 0.163 
0507_2                                   04:14:58   34       0.267 | 0.912 0.472 0.867 0.960 0.600 0.648 0.301 
0507_2                                   04:22:08   35       0.270 | 0.912 0.472 0.873 0.958 0.602 0.661 0.506 
0507_2                                   04:29:15   36       0.239 | 0.909 0.462 0.873 0.967 0.594 0.703 0.415 
0507_2                                   04:36:46   37       0.230 | 0.920 0.497 0.867 0.962 0.619 0.691 0.477 
0507_2                                   04:43:49   38       0.219 | 0.904 0.447 0.896 0.968 0.591 0.711 0.511 
0507_2                                   04:51:04   39       0.219 | 0.901 0.439 0.896 0.965 0.585 0.706 0.440 
0507_2                                   04:58:30   40       0.214 | 0.911 0.467 0.902 0.964 0.610 0.702 0.533 
0507_2                                   05:05:28   41       0.221 | 0.912 0.471 0.890 0.963 0.609 0.705 0.465 
0507_2                                   05:12:52   42       0.212 | 0.908 0.459 0.913 0.966 0.608 0.717 0.510 
0507_2                                   05:20:09   43       0.209 | 0.908 0.460 0.908 0.964 0.607 0.692 0.537 
0507_2                                   05:27:08   44       0.209 | 0.921 0.502 0.896 0.963 0.635 0.713 0.500 
0507_2                                   05:34:39   45       0.207 | 0.912 0.473 0.908 0.966 0.617 0.710 0.511 
0507_2                                   05:41:48   46       0.205 | 0.912 0.471 0.902 0.965 0.614 0.713 0.434 
0507_2                                   05:48:56   47       0.204 | 0.907 0.457 0.890 0.966 0.597 0.702 0.538 
0507_2                                   05:56:27   48       0.198 | 0.912 0.471 0.884 0.961 0.606 0.701 0.517 
0507_2                                   06:03:28   49       0.199 | 0.908 0.461 0.919 0.967 0.612 0.720 0.559 
0507_2                                   06:10:45   50       0.204 | 0.910 0.465 0.879 0.961 0.599 0.705 0.538 
0507_2                                   06:18:10   51       0.201 | 0.913 0.474 0.896 0.961 0.613 0.710 0.471 
0507_2                                   06:25:10   52       0.199 | 0.913 0.475 0.890 0.964 0.612 0.710 0.477 
0507_2                                   06:32:35   53       0.193 | 0.918 0.491 0.896 0.960 0.626 0.711 0.538 
0507_2                                   06:39:51   54       0.191 | 0.915 0.481 0.902 0.963 0.622 0.708 0.573 
0507_2                                   06:46:53   55       0.197 | 0.895 0.426 0.925 0.967 0.585 0.720 0.533 
0507_2                                   06:54:24   56       0.198 | 0.913 0.474 0.913 0.961 0.621 0.703 0.453 
0507_2                                   07:01:34   57       0.190 | 0.909 0.462 0.913 0.964 0.611 0.721 0.577 
0507_2                                   07:08:42   58       0.186 | 0.918 0.489 0.913 0.967 0.632 0.704 0.568 
0507_2                                   07:16:13   59       0.188 | 0.902 0.442 0.896 0.962 0.587 0.702 0.552 
0507_2                                   07:23:16   60       0.186 | 0.918 0.492 0.896 0.962 0.628 0.713 0.548 
0507_2                                   07:30:33   61       0.185 | 0.918 0.492 0.896 0.964 0.628 0.714 0.606 
0507_2                                   07:37:58   62       0.185 | 0.920 0.497 0.884 0.965 0.626 0.705 0.521 
0507_2                                   07:44:59   63       0.188 | 0.924 0.513 0.896 0.963 0.644 0.713 0.447 
0507_2                                   07:52:21   64       0.184 | 0.923 0.508 0.913 0.962 0.647 0.697 0.563 
0507_2                                   07:59:40   65       0.186 | 0.913 0.475 0.925 0.966 0.626 0.704 0.564 
0507_2                                   08:06:42   66       0.181 | 0.900 0.437 0.902 0.966 0.586 0.707 0.568 
0507_2                                   08:14:13   67       0.182 | 0.940 0.579 0.873 0.962 0.681 0.699 0.494 
0507_2                                   08:21:24   68       0.180 | 0.923 0.507 0.896 0.966 0.639 0.703 0.517 
0507_2                                   08:28:32   69       0.176 | 0.919 0.494 0.896 0.965 0.629 0.700 0.563 
0507_2                                   08:36:02   70       0.179 | 0.923 0.507 0.896 0.965 0.639 0.694 0.563 
0507_2                                   08:43:08   71       0.173 | 0.925 0.515 0.884 0.963 0.640 0.722 0.573 
0507_2                                   08:50:23   72       0.174 | 0.929 0.531 0.879 0.962 0.650 0.702 0.553 
0507_2                                   08:57:51   73       0.177 | 0.927 0.522 0.908 0.963 0.655 0.687 0.548 
0507_2                                   09:04:52   74       0.167 | 0.924 0.512 0.896 0.963 0.642 0.706 0.573 
0507_2                                   09:12:13   75       0.174 | 0.926 0.520 0.890 0.962 0.647 0.696 0.563 
0507_2                                   09:19:33   76       0.176 | 0.918 0.492 0.896 0.962 0.628 0.696 0.548 
0507_2                                   09:26:35   77       0.167 | 0.924 0.513 0.890 0.962 0.641 0.699 0.568 
0507_2                                   09:34:03   78       0.172 | 0.922 0.505 0.890 0.963 0.635 0.721 0.557 
0507_2                                   09:41:17   79       0.172 | 0.921 0.500 0.890 0.963 0.631 0.694 0.517 
0507_2                                   09:48:24   80       0.168 | 0.923 0.507 0.896 0.963 0.639 0.693 0.558 
0507_2                                   09:55:56   81       0.170 | 0.922 0.505 0.896 0.962 0.637 0.694 0.553 
0507_2                                   10:02:22   82       0.169 | 0.921 0.500 0.896 0.963 0.634 0.700 0.558 
0507_2                                   10:07:51   83       0.174 | 0.921 0.502 0.890 0.963 0.633 0.701 0.563 
0507_2                                   10:13:20   84       0.169 | 0.921 0.502 0.890 0.962 0.633 0.713 0.564 
0507_2                                   10:18:53   85       0.169 | 0.918 0.489 0.890 0.967 0.623 0.720 0.543 
0507_2                                   10:24:23   86       0.173 | 0.927 0.522 0.896 0.960 0.650 0.692 0.538 
0507_2                                   10:29:53   87       0.170 | 0.921 0.502 0.890 0.963 0.633 0.724 0.553 
0507_2                                   10:35:21   88       0.168 | 0.920 0.498 0.896 0.965 0.632 0.706 0.578 
0507_2                                   10:40:51   89       0.170 | 0.925 0.517 0.896 0.962 0.646 0.696 0.563 
0507_2                                   10:46:19   90       0.172 | 0.916 0.483 0.902 0.965 0.623 0.709 0.573 
0507_2                                   10:51:46   91       0.169 | 0.921 0.502 0.908 0.962 0.640 0.710 0.568 
0507_2                                   10:57:15   92       0.170 | 0.919 0.494 0.908 0.963 0.634 0.720 0.563 
0507_2                                   11:02:43   93       0.172 | 0.923 0.506 0.902 0.965 0.641 0.694 0.548 
0507_2                                   11:08:14   94       0.171 | 0.926 0.520 0.908 0.963 0.654 0.705 0.537 
0507_2                                   11:13:43   95       0.173 | 0.921 0.500 0.896 0.965 0.634 0.714 0.553 
0507_2                                   11:19:14   96       0.166 | 0.923 0.510 0.908 0.963 0.646 0.708 0.558 
0507_2                                   11:24:41   97       0.173 | 0.924 0.511 0.902 0.965 0.645 0.711 0.537 
0507_2                                   11:30:10   98       0.170 | 0.921 0.500 0.913 0.962 0.641 0.703 0.583 
0507_2                                   11:35:38   99       0.171 | 0.919 0.494 0.908 0.963 0.634 0.709 0.592 
