0307_2                                   00:06:53    0       0.524 | 0.820 0.284 0.741 0.881 0.381 0.186 0.000 
0307_2                                   00:13:37    1       0.420 | 0.790 0.260 0.800 0.887 0.374 0.471 0.172 
0307_2                                   00:20:22    2       0.378 | 0.777 0.265 0.919 0.926 0.418 0.520 0.264 
0307_2                                   00:27:06    3       0.355 | 0.755 0.248 0.930 0.929 0.400 0.546 0.331 
0307_2                                   00:33:52    4       0.339 | 0.871 0.387 0.897 0.948 0.537 0.604 0.244 
0307_2                                   00:40:36    5       0.329 | 0.902 0.457 0.832 0.942 0.571 0.414 0.070 
0307_2                                   00:47:21    6       0.326 | 0.862 0.367 0.865 0.945 0.506 0.535 0.070 
0307_2                                   00:54:05    7       0.323 | 0.780 0.272 0.951 0.947 0.436 0.604 0.367 
0307_2                                   01:00:48    8       0.316 | 0.813 0.304 0.941 0.942 0.469 0.589 0.401 
0307_2                                   01:07:32    9       0.312 | 0.916 0.504 0.751 0.944 0.572 0.607 0.430 
0307_2                                   01:14:17   10       0.309 | 0.908 0.476 0.816 0.949 0.580 0.613 0.308 
0307_2                                   01:21:07   11       0.308 | 0.793 0.281 0.924 0.940 0.438 0.589 0.431 
0307_2                                   01:29:21   12       0.304 | 0.902 0.459 0.843 0.951 0.577 0.615 0.282 
0307_2                                   01:37:36   13       0.296 | 0.921 0.522 0.778 0.952 0.597 0.595 0.368 
0307_2                                   01:45:52   14       0.295 | 0.896 0.443 0.865 0.952 0.573 0.610 0.282 
0307_2                                   01:54:07   15       0.294 | 0.905 0.468 0.881 0.956 0.600 0.621 0.100 
0307_2                                   02:02:20   16       0.293 | 0.899 0.449 0.838 0.949 0.567 0.535 0.375 
0307_2                                   02:10:35   17       0.289 | 0.818 0.314 0.968 0.954 0.489 0.590 0.518 
0307_2                                   02:18:51   18       0.290 | 0.856 0.360 0.903 0.950 0.513 0.587 0.554 
0307_2                                   02:29:08   19       0.285 | 0.926 0.540 0.870 0.961 0.650 0.628 0.387 
0307_2                                   02:40:28   20       0.283 | 0.922 0.524 0.827 0.955 0.620 0.633 0.498 
0307_2                                   02:51:43   21       0.282 | 0.797 0.286 0.935 0.950 0.448 0.589 0.593 
0307_2                                   03:03:02   22       0.282 | 0.847 0.350 0.935 0.953 0.515 0.593 0.459 
0307_2                                   03:14:20   23       0.280 | 0.902 0.459 0.849 0.946 0.579 0.595 0.393 
0307_2                                   03:25:34   24       0.278 | 0.910 0.483 0.849 0.960 0.598 0.580 0.282 
0307_2                                   03:36:55   25       0.277 | 0.916 0.502 0.822 0.951 0.601 0.625 0.394 
0307_2                                   03:48:08   26       0.277 | 0.913 0.494 0.849 0.960 0.606 0.635 0.465 
0307_2                                   03:59:28   27       0.273 | 0.906 0.468 0.832 0.949 0.580 0.622 0.354 
0307_2                                   04:10:49   28       0.275 | 0.894 0.439 0.897 0.964 0.582 0.645 0.234 
0307_2                                   04:22:08   29       0.271 | 0.887 0.419 0.849 0.951 0.546 0.603 0.186 
0307_2                                   04:33:26   30       0.270 | 0.920 0.518 0.843 0.956 0.623 0.566 0.244 
0307_2                                   04:44:41   31       0.272 | 0.896 0.444 0.876 0.956 0.578 0.632 0.380 
0307_2                                   04:56:02   32       0.268 | 0.925 0.542 0.773 0.954 0.609 0.576 0.211 
0307_2                                   05:07:20   33       0.268 | 0.924 0.534 0.859 0.964 0.641 0.659 0.470 
0307_2                                   05:18:34   34       0.268 | 0.932 0.568 0.832 0.955 0.654 0.657 0.368 
0307_2                                   05:29:53   35       0.264 | 0.919 0.515 0.838 0.955 0.618 0.629 0.381 
0307_2                                   05:39:43   36       0.264 | 0.896 0.443 0.865 0.957 0.573 0.620 0.460 
0307_2                                   05:47:58   37       0.265 | 0.846 0.348 0.935 0.952 0.513 0.624 0.627 
0307_2                                   05:56:13   38       0.260 | 0.855 0.363 0.946 0.961 0.532 0.652 0.517 
0307_2                                   06:05:23   39       0.265 | 0.930 0.565 0.773 0.955 0.625 0.587 0.388 
0307_2                                   06:14:51   40       0.261 | 0.922 0.525 0.843 0.957 0.628 0.635 0.412 
0307_2                                   06:24:18   41       0.260 | 0.919 0.513 0.838 0.955 0.616 0.591 0.381 
0307_2                                   06:33:45   42       0.259 | 0.916 0.502 0.822 0.954 0.601 0.522 0.122 
0307_2                                   06:43:14   43       0.257 | 0.932 0.567 0.822 0.955 0.648 0.661 0.465 
0307_2                                   06:52:46   44       0.228 | 0.918 0.508 0.892 0.965 0.635 0.681 0.418 
0307_2                                   07:02:21   45       0.220 | 0.912 0.490 0.897 0.967 0.623 0.706 0.406 
0307_2                                   07:11:58   46       0.211 | 0.911 0.487 0.908 0.965 0.626 0.691 0.442 
0307_2                                   07:21:37   47       0.210 | 0.915 0.500 0.886 0.964 0.627 0.674 0.459 
0307_2                                   07:31:15   48       0.208 | 0.925 0.536 0.843 0.963 0.636 0.673 0.381 
0307_2                                   07:39:41   49       0.202 | 0.919 0.515 0.859 0.960 0.627 0.712 0.470 
0307_2                                   07:46:28   50       0.200 | 0.925 0.537 0.859 0.964 0.643 0.688 0.424 
0307_2                                   07:53:54   51       0.201 | 0.926 0.542 0.838 0.960 0.637 0.679 0.413 
0307_2                                   08:02:07   52       0.200 | 0.929 0.555 0.843 0.964 0.649 0.688 0.406 
0307_2                                   08:10:23   53       0.196 | 0.924 0.532 0.843 0.958 0.633 0.687 0.442 
0307_2                                   08:18:39   54       0.192 | 0.916 0.502 0.849 0.958 0.612 0.700 0.437 
0307_2                                   08:26:37   55       0.191 | 0.915 0.500 0.870 0.962 0.620 0.680 0.436 
0307_2                                   08:34:21   56       0.192 | 0.923 0.530 0.859 0.961 0.638 0.666 0.448 
0307_2                                   08:42:04   57       0.188 | 0.919 0.513 0.870 0.961 0.630 0.700 0.436 
0307_2                                   08:49:50   58       0.185 | 0.921 0.520 0.859 0.959 0.630 0.679 0.465 
0307_2                                   08:57:44   59       0.188 | 0.926 0.540 0.838 0.961 0.636 0.687 0.448 
0307_2                                   09:05:38   60       0.189 | 0.926 0.541 0.854 0.963 0.644 0.683 0.424 
0307_2                                   09:13:42   61       0.185 | 0.920 0.516 0.876 0.960 0.635 0.676 0.453 
0307_2                                   09:21:34   62       0.186 | 0.928 0.545 0.876 0.959 0.656 0.690 0.448 
0307_2                                   09:29:48   63       0.183 | 0.927 0.542 0.870 0.957 0.652 0.689 0.454 
0307_2                                   09:38:05   64       0.184 | 0.929 0.554 0.854 0.963 0.653 0.699 0.454 
0307_2                                   09:46:23   65       0.181 | 0.922 0.522 0.886 0.962 0.644 0.699 0.454 
0307_2                                   09:54:11   66       0.185 | 0.923 0.527 0.849 0.953 0.631 0.661 0.442 
0307_2                                   10:02:26   67       0.185 | 0.929 0.552 0.859 0.961 0.654 0.664 0.443 
0307_2                                   10:10:55   68       0.185 | 0.922 0.525 0.865 0.959 0.636 0.680 0.448 
0307_2                                   10:19:16   69       0.183 | 0.923 0.531 0.843 0.955 0.632 0.688 0.442 
0307_2                                   10:27:36   70       0.183 | 0.930 0.556 0.854 0.959 0.655 0.690 0.448 
0307_2                                   10:35:54   71       0.181 | 0.928 0.545 0.881 0.964 0.659 0.705 0.465 
0307_2                                   10:44:12   72       0.183 | 0.929 0.555 0.843 0.960 0.649 0.692 0.442 
0307_2                                   10:52:31   73       0.188 | 0.924 0.532 0.865 0.962 0.642 0.679 0.454 
0307_2                                   11:00:48   74       0.185 | 0.923 0.529 0.849 0.959 0.632 0.691 0.448 
0307_2                                   11:09:05   75       0.184 | 0.925 0.537 0.865 0.959 0.646 0.692 0.453 
0307_2                                   11:17:23   76       0.186 | 0.924 0.534 0.859 0.962 0.641 0.685 0.453 
0307_2                                   11:25:40   77       0.183 | 0.918 0.511 0.859 0.961 0.624 0.691 0.454 
0307_2                                   11:34:00   78       0.184 | 0.927 0.545 0.859 0.959 0.649 0.697 0.459 
0307_2                                   11:42:20   79       0.183 | 0.924 0.531 0.881 0.960 0.648 0.677 0.470 
0307_2                                   11:50:40   80       0.184 | 0.925 0.538 0.838 0.956 0.635 0.673 0.424 
0307_2                                   11:58:55   81       0.187 | 0.925 0.537 0.865 0.960 0.646 0.689 0.465 
0307_2                                   12:07:13   82       0.184 | 0.923 0.526 0.865 0.962 0.638 0.697 0.448 
0307_2                                   12:15:25   83       0.181 | 0.925 0.534 0.881 0.957 0.651 0.686 0.476 
0307_2                                   12:23:41   84       0.184 | 0.919 0.513 0.870 0.961 0.630 0.682 0.465 
0307_2                                   12:31:54   85       0.183 | 0.927 0.544 0.870 0.959 0.653 0.685 0.448 
