0507_1                                   00:03:21    0       0.608 | 0.564 0.147 0.936 0.837 0.253 0.203 0.000 
0507_1                                   00:06:31    1       0.516 | 0.665 0.181 0.913 0.869 0.307 0.228 0.000 
0507_1                                   00:09:40    2       0.494 | 0.655 0.179 0.931 0.887 0.309 0.402 0.142 
0507_1                                   00:12:49    3       0.478 | 0.784 0.244 0.821 0.881 0.368 0.397 0.073 
0507_1                                   00:15:58    4       0.470 | 0.849 0.313 0.757 0.904 0.421 0.345 0.000 
0507_1                                   00:19:07    5       0.455 | 0.837 0.311 0.867 0.918 0.457 0.426 0.000 
0507_1                                   00:22:15    6       0.452 | 0.585 0.156 0.960 0.899 0.277 0.456 0.156 
0507_1                                   00:25:22    7       0.441 | 0.801 0.274 0.913 0.927 0.432 0.530 0.151 
0507_1                                   00:28:28    8       0.440 | 0.711 0.207 0.936 0.919 0.354 0.495 0.147 
0507_1                                   00:31:35    9       0.430 | 0.767 0.243 0.919 0.911 0.397 0.478 0.255 
0507_1                                   00:33:54   10       0.423 | 0.889 0.402 0.815 0.933 0.522 0.499 0.092 
0507_1                                   00:36:08   11       0.420 | 0.880 0.382 0.821 0.934 0.507 0.372 0.103 
0507_1                                   00:38:36   12       0.418 | 0.801 0.275 0.919 0.932 0.434 0.504 0.242 
0507_1                                   00:41:46   13       0.413 | 0.924 0.517 0.630 0.934 0.530 0.356 0.000 
0507_1                                   00:44:54   14       0.414 | 0.538 0.144 0.977 0.910 0.259 0.460 0.300 
0507_1                                   00:47:14   15       0.406 | 0.803 0.280 0.942 0.936 0.448 0.578 0.407 
0507_1                                   00:50:50   16       0.408 | 0.871 0.358 0.792 0.919 0.475 0.389 0.000 
0507_1                                   00:54:09   17       0.409 | 0.822 0.298 0.919 0.945 0.460 0.567 0.265 
0507_1                                   00:57:13   18       0.406 | 0.829 0.303 0.896 0.936 0.459 0.508 0.073 
0507_1                                   01:00:44   19       0.403 | 0.732 0.221 0.942 0.935 0.375 0.542 0.073 
0507_1                                   01:04:10   20       0.401 | 0.919 0.494 0.751 0.942 0.569 0.459 0.163 
0507_1                                   01:07:15   21       0.399 | 0.855 0.342 0.896 0.944 0.498 0.564 0.376 
0507_1                                   01:10:44   22       0.392 | 0.864 0.356 0.890 0.946 0.510 0.560 0.315 
0507_1                                   01:14:13   23       0.393 | 0.885 0.395 0.838 0.940 0.526 0.502 0.147 
0507_1                                   01:17:20   24       0.392 | 0.860 0.350 0.896 0.942 0.506 0.547 0.239 
0507_1                                   01:20:45   25       0.394 | 0.934 0.663 0.353 0.929 0.453 0.219 0.000 
0507_1                                   01:24:17   26       0.392 | 0.755 0.239 0.960 0.938 0.404 0.571 0.486 
0507_1                                   01:27:23   27       0.389 | 0.835 0.316 0.936 0.948 0.486 0.592 0.193 
0507_1                                   01:30:46   28       0.387 | 0.820 0.300 0.948 0.947 0.472 0.579 0.345 
0507_1                                   01:34:20   29       0.388 | 0.828 0.305 0.919 0.942 0.468 0.607 0.388 
0507_1                                   01:37:26   30       0.385 | 0.841 0.319 0.884 0.933 0.471 0.590 0.369 
0507_1                                   01:40:46   31       0.378 | 0.872 0.370 0.884 0.941 0.521 0.556 0.185 
0507_1                                   01:44:22   32       0.382 | 0.919 0.493 0.786 0.942 0.582 0.556 0.103 
0507_1                                   01:47:29   33       0.382 | 0.893 0.417 0.873 0.947 0.558 0.485 0.147 
0507_1                                   01:50:46   34       0.380 | 0.780 0.256 0.936 0.937 0.418 0.558 0.156 
0507_1                                   01:54:21   35       0.381 | 0.719 0.215 0.965 0.942 0.374 0.582 0.415 
0507_1                                   01:57:31   36       0.379 | 0.782 0.260 0.948 0.945 0.426 0.603 0.359 
0507_1                                   02:00:46   37       0.378 | 0.724 0.217 0.954 0.932 0.373 0.526 0.544 
0507_1                                   02:04:22   38       0.374 | 0.846 0.331 0.919 0.946 0.495 0.604 0.501 
0507_1                                   02:07:35   39       0.377 | 0.893 0.416 0.867 0.950 0.554 0.599 0.283 
0507_1                                   02:10:46   40       0.379 | 0.773 0.252 0.942 0.943 0.414 0.596 0.381 
0507_1                                   02:14:23   41       0.372 | 0.782 0.261 0.960 0.950 0.432 0.612 0.311 
0507_1                                   02:17:38   42       0.367 | 0.729 0.221 0.960 0.944 0.380 0.554 0.539 
0507_1                                   02:20:46   43       0.373 | 0.737 0.226 0.954 0.934 0.385 0.547 0.461 
0507_1                                   02:24:22   44       0.372 | 0.745 0.229 0.936 0.938 0.384 0.586 0.335 
0507_1                                   02:27:41   45       0.368 | 0.887 0.403 0.873 0.945 0.545 0.607 0.381 
0507_1                                   02:30:46   46       0.373 | 0.727 0.221 0.965 0.941 0.381 0.583 0.417 
0507_1                                   02:34:22   47       0.368 | 0.923 0.507 0.803 0.949 0.600 0.473 0.000 
0507_1                                   02:37:43   48       0.361 | 0.808 0.284 0.931 0.946 0.449 0.633 0.475 
0507_1                                   02:40:48   49       0.363 | 0.764 0.244 0.936 0.944 0.403 0.583 0.358 
0507_1                                   02:44:23   50       0.365 | 0.864 0.358 0.908 0.944 0.518 0.594 0.457 
0507_1                                   02:47:46   51       0.363 | 0.863 0.357 0.913 0.953 0.518 0.607 0.292 
0507_1                                   02:50:51   52       0.361 | 0.891 0.411 0.873 0.944 0.553 0.585 0.343 
0507_1                                   02:54:22   53       0.366 | 0.849 0.333 0.908 0.950 0.493 0.599 0.394 
0507_1                                   02:57:48   54       0.361 | 0.883 0.394 0.879 0.950 0.540 0.568 0.220 
0507_1                                   03:00:53   55       0.360 | 0.918 0.492 0.844 0.949 0.606 0.511 0.000 
0507_1                                   03:04:22   56       0.361 | 0.755 0.237 0.942 0.934 0.396 0.519 0.255 
0507_1                                   03:07:52   57       0.358 | 0.757 0.241 0.960 0.943 0.406 0.597 0.293 
0507_1                                   03:10:57   58       0.364 | 0.929 0.540 0.665 0.941 0.561 0.447 0.073 
0507_1                                   03:14:23   59       0.335 | 0.880 0.391 0.925 0.956 0.554 0.626 0.335 
0507_1                                   03:17:57   60       0.324 | 0.885 0.401 0.931 0.958 0.566 0.627 0.395 
0507_1                                   03:21:02   61       0.319 | 0.890 0.415 0.925 0.956 0.575 0.637 0.428 
0507_1                                   03:24:27   62       0.324 | 0.886 0.405 0.925 0.956 0.567 0.607 0.343 
0507_1                                   03:28:02   63       0.317 | 0.879 0.390 0.936 0.956 0.558 0.663 0.408 
0507_1                                   03:31:08   64       0.313 | 0.882 0.395 0.925 0.956 0.558 0.653 0.358 
0507_1                                   03:34:30   65       0.316 | 0.870 0.372 0.931 0.956 0.539 0.645 0.434 
0507_1                                   03:38:07   66       0.311 | 0.885 0.403 0.942 0.958 0.572 0.660 0.402 
0507_1                                   03:41:14   67       0.312 | 0.887 0.408 0.931 0.957 0.571 0.624 0.381 
0507_1                                   03:44:33   68       0.313 | 0.885 0.402 0.936 0.955 0.568 0.617 0.434 
0507_1                                   03:48:10   69       0.308 | 0.901 0.441 0.902 0.955 0.589 0.639 0.440 
0507_1                                   03:51:19   70       0.302 | 0.902 0.441 0.890 0.956 0.585 0.643 0.380 
0507_1                                   03:54:37   71       0.302 | 0.871 0.374 0.931 0.955 0.541 0.657 0.471 
0507_1                                   03:58:13   72       0.307 | 0.881 0.393 0.913 0.957 0.552 0.652 0.428 
0507_1                                   04:01:25   73       0.304 | 0.891 0.416 0.919 0.956 0.575 0.630 0.352 
0507_1                                   04:04:41   74       0.306 | 0.904 0.447 0.896 0.956 0.591 0.647 0.374 
0507_1                                   04:08:17   75       0.303 | 0.895 0.424 0.913 0.957 0.579 0.652 0.408 
0507_1                                   04:11:32   76       0.301 | 0.887 0.404 0.902 0.955 0.557 0.672 0.415 
0507_1                                   04:14:44   77       0.298 | 0.863 0.360 0.936 0.955 0.530 0.658 0.494 
0507_1                                   04:18:21   78       0.298 | 0.885 0.402 0.925 0.956 0.564 0.638 0.447 
0507_1                                   04:21:37   79       0.296 | 0.891 0.418 0.936 0.957 0.582 0.673 0.453 
0507_1                                   04:24:48   80       0.299 | 0.884 0.398 0.913 0.956 0.556 0.644 0.394 
0507_1                                   04:28:25   81       0.296 | 0.896 0.429 0.919 0.958 0.585 0.629 0.421 
0507_1                                   04:31:44   82       0.293 | 0.864 0.362 0.936 0.958 0.531 0.678 0.482 
0507_1                                   04:34:51   83       0.295 | 0.868 0.368 0.925 0.958 0.533 0.661 0.434 
0507_1                                   04:38:29   84       0.292 | 0.868 0.370 0.942 0.956 0.542 0.647 0.465 
0507_1                                   04:41:50   85       0.290 | 0.896 0.426 0.919 0.957 0.583 0.663 0.401 
0507_1                                   04:44:56   86       0.298 | 0.864 0.363 0.942 0.956 0.535 0.652 0.422 
0507_1                                   04:48:33   87       0.287 | 0.895 0.423 0.908 0.956 0.576 0.652 0.389 
0507_1                                   04:51:56   88       0.293 | 0.902 0.443 0.896 0.956 0.588 0.630 0.465 
0507_1                                   04:55:03   89       0.289 | 0.867 0.367 0.931 0.953 0.534 0.650 0.441 
0507_1                                   04:58:38   90       0.289 | 0.893 0.420 0.925 0.958 0.580 0.645 0.434 
0507_1                                   05:02:02   91       0.289 | 0.885 0.402 0.925 0.957 0.564 0.668 0.459 
0507_1                                   05:05:08   92       0.289 | 0.882 0.395 0.919 0.955 0.555 0.648 0.453 
0507_1                                   05:08:41   93       0.286 | 0.895 0.424 0.908 0.956 0.577 0.627 0.422 
0507_1                                   05:12:08   94       0.286 | 0.898 0.433 0.931 0.955 0.593 0.648 0.388 
0507_1                                   05:15:15   95       0.289 | 0.889 0.411 0.925 0.956 0.572 0.658 0.389 
0507_1                                   05:18:45   96       0.285 | 0.892 0.418 0.908 0.954 0.571 0.683 0.374 
0507_1                                   05:22:15   97       0.281 | 0.883 0.400 0.942 0.957 0.568 0.669 0.489 
0507_1                                   05:25:21   98       0.287 | 0.863 0.360 0.931 0.953 0.528 0.667 0.422 
0507_1                                   05:28:49   99       0.284 | 0.883 0.398 0.919 0.953 0.558 0.660 0.343 
