1707_5                                   00:07:02    0       0.314 | 0.921 0.000 0.000 0.620 | 0.075 0.000 0.000 0.000 
1707_5                                   00:14:18    1       0.263 | 0.923 0.857 0.035 0.824 | 0.341 0.163 0.000 0.000 
1707_5                                   00:21:13    2       0.234 | 0.857 0.316 0.688 0.883 | 0.236 0.400 0.151 0.000 
1707_5                                   00:28:22    3       0.224 | 0.925 0.714 0.087 0.869 | 0.420 0.232 0.073 0.000 
1707_5                                   00:35:24    4       0.217 | 0.934 0.636 0.393 0.917 | 0.413 0.467 0.171 0.000 
1707_5                                   00:42:27    5       0.206 | 0.936 0.612 0.538 0.914 | 0.428 0.539 0.278 0.126 
1707_5                                   00:49:22    6       0.199 | 0.939 0.642 0.509 0.927 | 0.460 0.539 0.255 0.073 
1707_5                                   00:56:11    7       0.195 | 0.935 0.830 0.225 0.931 | 0.544 0.412 0.081 0.000 
1707_5                                   01:03:04    8       0.189 | 0.939 0.630 0.561 0.926 | 0.362 0.562 0.220 0.000 
1707_5                                   01:08:51    9       0.187 | 0.945 0.688 0.549 0.945 | 0.503 0.586 0.274 0.000 
1707_5                                   01:16:21   10       0.183 | 0.943 0.843 0.341 0.932 | 0.505 0.515 0.128 0.000 
1707_5                                   01:23:03   11       0.182 | 0.946 0.733 0.509 0.931 | 0.468 0.584 0.319 -0.006 
1707_5                                   01:30:32   12       0.180 | 0.952 0.772 0.566 0.948 | 0.483 0.637 0.335 0.073 
1707_5                                   01:37:59   13       0.177 | 0.940 0.691 0.439 0.908 | 0.388 0.522 0.106 0.000 
1707_5                                   01:44:46   14       0.180 | 0.945 0.853 0.370 0.942 | 0.588 0.541 0.193 0.000 
1707_5                                   01:52:09   15       0.178 | 0.948 0.717 0.572 0.947 | 0.539 0.614 0.208 0.000 
1707_5                                   01:59:30   16       0.176 | 0.947 0.723 0.543 0.944 | 0.474 0.600 0.206 0.000 
1707_5                                   02:06:22   17       0.172 | 0.936 0.589 0.647 0.935 | 0.395 0.583 0.441 0.147 
1707_5                                   02:13:37   18       0.178 | 0.948 0.794 0.468 0.935 | 0.558 0.586 0.336 0.126 
1707_5                                   02:20:55   19       0.174 | 0.863 0.356 0.890 0.942 | 0.288 0.509 0.593 0.293 
1707_5                                   02:27:55   20       0.175 | 0.945 0.853 0.370 0.942 | 0.641 0.541 0.193 0.000 
1707_5                                   02:34:58   21       0.172 | 0.940 0.841 0.306 0.942 | 0.634 0.486 0.128 0.000 
1707_5                                   02:42:15   22       0.171 | 0.953 0.845 0.503 0.945 | 0.554 0.631 0.230 0.073 
1707_5                                   02:49:25   23       0.160 | 0.956 0.818 0.572 0.961 | 0.601 0.663 0.343 0.103 
1707_5                                   02:56:19   24       0.153 | 0.956 0.760 0.659 0.962 | 0.574 0.685 0.394 0.126 
1707_5                                   03:03:34   25       0.154 | 0.957 0.765 0.659 0.962 | 0.595 0.687 0.394 0.103 
1707_5                                   03:10:49   26       0.152 | 0.957 0.762 0.665 0.960 | 0.568 0.689 0.447 0.163 
1707_5                                   03:17:35   27       0.146 | 0.957 0.797 0.613 0.961 | 0.618 0.677 0.401 0.146 
1707_5                                   03:24:52   28       0.146 | 0.961 0.833 0.636 0.959 | 0.628 0.708 0.421 0.103 
1707_5                                   03:32:06   29       0.144 | 0.955 0.742 0.665 0.961 | 0.590 0.678 0.471 0.193 
1707_5                                   03:39:00   30       0.145 | 0.955 0.723 0.694 0.962 | 0.554 0.684 0.499 0.179 
1707_5                                   03:46:04   31       0.143 | 0.958 0.772 0.665 0.964 | 0.598 0.694 0.453 0.179 
1707_5                                   03:53:19   32       0.144 | 0.959 0.755 0.711 0.966 | 0.578 0.710 0.505 0.207 
1707_5                                   04:00:24   33       0.140 | 0.957 0.728 0.728 0.960 | 0.561 0.705 0.526 0.219 
1707_5                                   04:07:17   34       0.142 | 0.956 0.735 0.688 0.964 | 0.591 0.687 0.465 0.146 
1707_5                                   04:14:31   35       0.137 | 0.959 0.755 0.711 0.960 | 0.602 0.710 0.482 0.103 
1707_5                                   04:21:46   36       0.141 | 0.959 0.799 0.642 0.962 | 0.608 0.694 0.394 0.073 
1707_5                                   04:28:29   37       0.139 | 0.957 0.730 0.734 0.966 | 0.562 0.709 0.526 0.231 
1707_5                                   04:35:43   38       0.139 | 0.959 0.755 0.711 0.963 | 0.578 0.710 0.440 0.146 
1707_5                                   04:42:57   39       0.138 | 0.961 0.800 0.671 0.963 | 0.597 0.712 0.402 0.126 
1707_5                                   04:49:48   40       0.135 | 0.951 0.663 0.786 0.965 | 0.527 0.696 0.548 0.207 
1707_5                                   04:56:55   41       0.137 | 0.960 0.751 0.734 0.959 | 0.606 0.721 0.499 0.207 
1707_5                                   05:04:10   42       0.137 | 0.959 0.739 0.751 0.965 | 0.574 0.723 0.532 0.207 
1707_5                                   05:11:12   43       0.140 | 0.962 0.845 0.630 0.957 | 0.620 0.710 0.395 0.073 
1707_5                                   05:18:07   44       0.137 | 0.960 0.799 0.665 0.957 | 0.646 0.708 0.447 0.103 
1707_5                                   05:25:21   45       0.135 | 0.960 0.797 0.659 0.961 | 0.605 0.704 0.453 0.103 
1707_5                                   05:32:35   46       0.135 | 0.957 0.725 0.746 0.964 | 0.575 0.712 0.557 0.207 
1707_5                                   05:39:17   47       0.135 | 0.963 0.865 0.630 0.958 | 0.643 0.720 0.460 0.103 
1707_5                                   05:46:31   48       0.134 | 0.960 0.764 0.711 0.960 | 0.578 0.715 0.552 0.253 
1707_5                                   05:54:04   49       0.134 | 0.960 0.803 0.659 0.961 | 0.606 0.707 0.422 0.126 
1707_5                                   06:01:02   50       0.133 | 0.962 0.807 0.676 0.964 | 0.628 0.719 0.388 0.163 
1707_5                                   06:08:25   51       0.134 | 0.961 0.774 0.711 0.964 | 0.585 0.720 0.505 0.163 
1707_5                                   06:15:50   52       0.133 | 0.961 0.778 0.711 0.962 | 0.586 0.723 0.483 0.126 
1707_5                                   06:22:50   53       0.131 | 0.962 0.826 0.659 0.959 | 0.634 0.718 0.476 0.193 
1707_5                                   06:30:00   54       0.132 | 0.960 0.749 0.740 0.958 | 0.575 0.722 0.567 0.207 
1707_5                                   06:37:20   55       0.131 | 0.959 0.823 0.618 0.957 | 0.656 0.693 0.416 0.126 
1707_5                                   06:44:29   56       0.132 | 0.962 0.808 0.682 0.960 | 0.563 0.722 0.521 0.231 
1707_5                                   06:51:27   57       0.131 | 0.962 0.783 0.711 0.963 | 0.584 0.726 0.537 0.264 
1707_5                                   06:58:46   58       0.132 | 0.959 0.786 0.659 0.961 | 0.585 0.698 0.476 0.146 
1707_5                                   07:06:04   59       0.128 | 0.961 0.844 0.624 0.962 | 0.654 0.706 0.395 0.073 
1707_5                                   07:12:53   60       0.131 | 0.962 0.811 0.671 0.963 | 0.613 0.717 0.459 0.163 
1707_5                                   07:20:29   61       0.130 | 0.958 0.740 0.723 0.962 | 0.596 0.708 0.510 0.179 
1707_5                                   07:28:18   62       0.127 | 0.958 0.770 0.676 0.961 | 0.609 0.699 0.505 0.179 
1707_5                                   07:36:15   63       0.129 | 0.962 0.812 0.676 0.965 | 0.614 0.721 0.511 0.207 
1707_5                                   07:43:34   64       0.129 | 0.956 0.720 0.728 0.965 | 0.545 0.700 0.558 0.219 
1707_5                                   07:50:53   65       0.129 | 0.963 0.830 0.676 0.961 | 0.635 0.730 0.435 0.126 
1707_5                                   07:57:47   66       0.127 | 0.962 0.808 0.682 0.961 | 0.613 0.722 0.466 0.103 
1707_5                                   08:04:59   67       0.129 | 0.956 0.721 0.717 0.962 | 0.562 0.695 0.521 0.163 
1707_5                                   08:12:18   68       0.128 | 0.960 0.761 0.717 0.964 | 0.610 0.717 0.532 0.193 
1707_5                                   08:19:21   69       0.128 | 0.958 0.753 0.705 0.961 | 0.582 0.706 0.537 0.207 
1707_5                                   08:26:23   70       0.125 | 0.960 0.776 0.699 0.966 | 0.576 0.715 0.521 0.207 
1707_5                                   08:33:40   71       0.127 | 0.960 0.778 0.688 0.962 | 0.641 0.710 0.532 0.193 
1707_5                                   08:40:52   72       0.127 | 0.964 0.822 0.694 0.961 | 0.659 0.736 0.494 0.163 
1707_5                                   08:47:43   73       0.126 | 0.962 0.826 0.659 0.964 | 0.641 0.718 0.494 0.193 
1707_5                                   08:54:58   74       0.127 | 0.956 0.698 0.775 0.963 | 0.541 0.711 0.592 0.284 
1707_5                                   09:02:14   75       0.127 | 0.962 0.801 0.699 0.957 | 0.623 0.729 0.563 0.231 
1707_5                                   09:08:59   76       0.124 | 0.958 0.745 0.711 0.963 | 0.603 0.705 0.592 0.231 
1707_5                                   09:16:13   77       0.124 | 0.965 0.820 0.711 0.965 | 0.606 0.745 0.537 0.193 
1707_5                                   09:23:28   78       0.126 | 0.962 0.788 0.711 0.964 | 0.641 0.728 0.542 0.231 
1707_5                                   09:30:24   79       0.123 | 0.962 0.778 0.728 0.964 | 0.602 0.732 0.563 0.207 
1707_5                                   09:37:26   80       0.122 | 0.957 0.742 0.699 0.965 | 0.624 0.697 0.582 0.231 
1707_5                                   09:44:41   81       0.124 | 0.961 0.753 0.757 0.966 | 0.568 0.734 0.596 0.219 
1707_5                                   09:51:49   82       0.124 | 0.963 0.854 0.642 0.961 | 0.673 0.722 0.483 0.163 
1707_5                                   09:58:38   83       0.121 | 0.961 0.782 0.705 0.962 | 0.634 0.722 0.582 0.231 
1707_5                                   10:05:51   84       0.126 | 0.959 0.807 0.630 0.963 | 0.632 0.692 0.416 0.103 
1707_5                                   10:13:05   85       0.123 | 0.961 0.793 0.688 0.966 | 0.593 0.718 0.537 0.163 
1707_5                                   10:19:49   86       0.121 | 0.961 0.810 0.665 0.959 | 0.623 0.713 0.505 0.163 
1707_5                                   10:27:03   87       0.121 | 0.953 0.682 0.757 0.962 | 0.562 0.693 0.664 0.374 
1707_5                                   10:34:17   88       0.120 | 0.959 0.776 0.682 0.964 | 0.647 0.706 0.531 0.243 
1707_5                                   10:41:13   89       0.121 | 0.964 0.822 0.694 0.962 | 0.648 0.736 0.521 0.207 
1707_5                                   10:48:14   90       0.120 | 0.961 0.782 0.705 0.960 | 0.631 0.722 0.537 0.219 
1707_5                                   10:55:28   91       0.118 | 0.962 0.799 0.688 0.964 | 0.646 0.721 0.537 0.219 
1707_5                                   11:02:35   92       0.116 | 0.964 0.818 0.699 0.964 | 0.636 0.737 0.532 0.207 
1707_5                                   11:09:24   93       0.118 | 0.963 0.807 0.699 0.966 | 0.636 0.731 0.537 0.219 
1707_5                                   11:16:38   94       0.118 | 0.961 0.786 0.699 0.964 | 0.631 0.721 0.547 0.207 
1707_5                                   11:23:52   95       0.118 | 0.961 0.782 0.705 0.963 | 0.628 0.722 0.547 0.231 
1707_5                                   11:30:35   96       0.117 | 0.962 0.786 0.723 0.963 | 0.630 0.733 0.547 0.231 
1707_5                                   11:37:49   97       0.117 | 0.962 0.788 0.711 0.964 | 0.641 0.728 0.573 0.231 
1707_5                                   11:45:03   98       0.117 | 0.961 0.789 0.694 0.964 | 0.619 0.719 0.542 0.231 
1707_5                                   11:51:58   99       0.115 | 0.963 0.807 0.699 0.964 | 0.630 0.731 0.557 0.243 
