0407_0                                   00:12:12    0       0.496 | 0.677 0.186 0.913 0.882 0.316 0.415 0.357 
0407_0                                   00:24:36    1       0.399 | 0.909 0.453 0.699 0.917 0.517 0.455 0.198 
0407_0                                   00:36:58    2       0.358 | 0.797 0.271 0.925 0.928 0.432 0.559 0.453 
0407_0                                   00:49:07    3       0.340 | 0.732 0.222 0.948 0.922 0.378 0.541 0.293 
0407_0                                   01:01:09    4       0.328 | 0.876 0.377 0.867 0.941 0.520 0.552 0.179 
0407_0                                   01:13:29    5       0.323 | 0.793 0.261 0.879 0.922 0.406 0.548 0.359 
0407_0                                   01:25:55    6       0.315 | 0.638 0.176 0.971 0.913 0.316 0.499 0.430 
0407_0                                   01:38:06    7       0.310 | 0.825 0.304 0.931 0.939 0.471 0.574 0.425 
0407_0                                   01:50:11    8       0.308 | 0.861 0.354 0.908 0.943 0.513 0.562 0.242 
0407_0                                   02:02:31    9       0.305 | 0.807 0.281 0.925 0.940 0.444 0.590 0.402 
0407_0                                   02:14:56   10       0.301 | 0.869 0.366 0.896 0.949 0.521 0.622 0.409 
0407_0                                   02:27:08   11       0.296 | 0.894 0.417 0.844 0.949 0.547 0.584 0.336 
0407_0                                   02:39:13   12       0.294 | 0.897 0.428 0.896 0.953 0.576 0.614 0.302 
0407_0                                   02:51:34   13       0.296 | 0.852 0.338 0.908 0.949 0.498 0.606 0.366 
0407_0                                   03:03:59   14       0.289 | 0.823 0.297 0.902 0.943 0.453 0.595 0.492 
0407_0                                   03:16:06   15       0.286 | 0.897 0.426 0.850 0.944 0.556 0.554 0.359 
0407_0                                   03:28:10   16       0.285 | 0.723 0.213 0.925 0.922 0.358 0.561 0.103 
0407_0                                   03:40:31   17       0.281 | 0.555 0.150 0.988 0.931 0.274 0.386 0.581 
0407_0                                   03:52:55   18       0.280 | 0.929 0.533 0.803 0.945 0.618 0.608 0.242 
0407_0                                   04:05:06   19       0.280 | 0.949 0.680 0.665 0.951 0.645 0.570 0.343 
0407_0                                   04:17:10   20       0.278 | 0.877 0.379 0.873 0.950 0.525 0.635 0.220 
0407_0                                   04:29:33   21       0.274 | 0.901 0.439 0.867 0.958 0.573 0.631 0.401 
0407_0                                   04:41:59   22       0.274 | 0.883 0.398 0.919 0.960 0.558 0.641 0.429 
0407_0                                   04:54:04   23       0.268 | 0.911 0.464 0.809 0.940 0.570 0.584 0.301 
0407_0                                   05:06:08   24       0.270 | 0.893 0.418 0.896 0.953 0.567 0.592 0.459 
0407_0                                   05:18:31   25       0.265 | 0.919 0.495 0.798 0.948 0.589 0.615 0.366 
0407_0                                   05:30:57   26       0.264 | 0.911 0.466 0.867 0.955 0.595 0.599 0.455 
0407_0                                   05:43:00   27       0.265 | 0.947 0.649 0.717 0.955 0.653 0.632 0.335 
0407_0                                   05:55:03   28       0.263 | 0.914 0.477 0.884 0.943 0.611 0.618 0.440 
0407_0                                   06:07:30   29       0.262 | 0.913 0.473 0.867 0.950 0.601 0.626 0.263 
0407_0                                   06:19:54   30       0.260 | 0.891 0.414 0.902 0.955 0.566 0.631 0.416 
0407_0                                   06:31:59   31       0.259 | 0.943 0.620 0.734 0.942 0.644 0.609 0.243 
0407_0                                   06:44:03   32       0.262 | 0.946 0.634 0.751 0.950 0.661 0.620 0.253 
0407_0                                   06:56:30   33       0.228 | 0.915 0.480 0.890 0.958 0.616 0.645 0.421 
0407_0                                   07:08:55   34       0.216 | 0.913 0.475 0.919 0.958 0.623 0.669 0.476 
0407_0                                   07:21:01   35       0.208 | 0.909 0.463 0.902 0.958 0.607 0.675 0.552 
0407_0                                   07:33:04   36       0.206 | 0.910 0.465 0.919 0.956 0.615 0.646 0.526 
0407_0                                   07:45:27   37       0.202 | 0.917 0.487 0.884 0.957 0.619 0.648 0.558 
0407_0                                   07:57:52   38       0.198 | 0.907 0.457 0.925 0.957 0.611 0.667 0.521 
0407_0                                   08:09:55   39       0.195 | 0.918 0.492 0.896 0.955 0.628 0.660 0.477 
0407_0                                   08:22:02   40       0.194 | 0.909 0.463 0.896 0.953 0.604 0.655 0.507 
0407_0                                   08:34:26   41       0.189 | 0.907 0.457 0.902 0.953 0.602 0.676 0.568 
0407_0                                   08:46:50   42       0.189 | 0.916 0.484 0.873 0.953 0.612 0.680 0.505 
0407_0                                   08:58:53   43       0.185 | 0.915 0.479 0.867 0.954 0.606 0.684 0.526 
0407_0                                   09:10:59   44       0.183 | 0.923 0.508 0.867 0.954 0.628 0.680 0.526 
0407_0                                   09:23:24   45       0.184 | 0.920 0.498 0.884 0.955 0.628 0.686 0.547 
0407_0                                   09:35:47   46       0.186 | 0.918 0.489 0.873 0.954 0.615 0.672 0.542 
0407_0                                   09:47:50   47       0.184 | 0.918 0.492 0.884 0.954 0.623 0.670 0.548 
0407_0                                   09:59:59   48       0.178 | 0.922 0.505 0.873 0.952 0.628 0.674 0.558 
0407_0                                   10:12:26   49       0.182 | 0.921 0.500 0.873 0.954 0.624 0.661 0.552 
0407_0                                   10:24:50   50       0.180 | 0.918 0.492 0.879 0.952 0.620 0.670 0.548 
0407_0                                   10:36:54   51       0.178 | 0.924 0.512 0.873 0.954 0.633 0.669 0.553 
0407_0                                   10:49:06   52       0.180 | 0.918 0.492 0.884 0.954 0.623 0.678 0.572 
0407_0                                   11:01:32   53       0.179 | 0.917 0.487 0.867 0.954 0.612 0.674 0.562 
0407_0                                   11:13:51   54       0.178 | 0.924 0.512 0.873 0.955 0.633 0.672 0.548 
0407_0                                   11:25:57   55       0.180 | 0.926 0.521 0.873 0.953 0.640 0.683 0.552 
0407_0                                   11:38:11   56       0.181 | 0.923 0.510 0.873 0.952 0.632 0.676 0.553 
0407_0                                   11:50:37   57       0.179 | 0.919 0.495 0.879 0.954 0.623 0.680 0.577 
0407_0                                   12:02:58   58       0.179 | 0.920 0.497 0.879 0.952 0.624 0.671 0.552 
0407_0                                   12:15:03   59       0.181 | 0.924 0.512 0.879 0.953 0.635 0.679 0.567 
0407_0                                   12:27:19   60       0.178 | 0.924 0.512 0.884 0.953 0.638 0.691 0.557 
0407_0                                   12:38:49   61       0.179 | 0.919 0.494 0.890 0.954 0.626 0.683 0.558 
0407_0                                   12:48:55   62       0.179 | 0.922 0.505 0.873 0.954 0.628 0.674 0.547 
