1607_1                                   00:05:52    0       0.623 | 0.769 0.207 0.676 0.789 0.280 0.000 0.000 
1607_1                                   00:11:35    1       0.469 | 0.845 0.318 0.832 0.906 0.452 0.239 0.000 
1607_1                                   00:17:17    2       0.405 | 0.905 0.440 0.740 0.923 0.524 0.352 0.106 
1607_1                                   00:22:55    3       0.366 | 0.916 0.482 0.786 0.933 0.575 0.506 0.163 
1607_1                                   00:28:35    4       0.354 | 0.783 0.261 0.948 0.939 0.427 0.563 0.494 
1607_1                                   00:34:14    5       0.335 | 0.891 0.408 0.832 0.934 0.534 0.573 0.402 
1607_1                                   00:39:54    6       0.322 | 0.934 0.567 0.705 0.928 0.597 0.492 0.219 
1607_1                                   00:45:33    7       0.321 | 0.942 0.605 0.780 0.947 0.657 0.594 0.273 
1607_1                                   00:51:12    8       0.310 | 0.911 0.462 0.769 0.934 0.552 0.612 0.284 
1607_1                                   00:56:52    9       0.314 | 0.882 0.392 0.879 0.948 0.538 0.647 0.465 
1607_1                                   01:02:31   10       0.301 | 0.793 0.265 0.908 0.938 0.420 0.582 0.483 
1607_1                                   01:08:11   11       0.300 | 0.813 0.291 0.942 0.952 0.461 0.670 0.450 
1607_1                                   01:13:51   12       0.301 | 0.839 0.324 0.954 0.956 0.500 0.659 0.343 
1607_1                                   01:19:31   13       0.291 | 0.919 0.493 0.815 0.945 0.595 0.596 0.310 
1607_1                                   01:25:10   14       0.294 | 0.863 0.359 0.925 0.955 0.524 0.671 0.514 
1607_1                                   01:30:50   15       0.291 | 0.935 0.563 0.798 0.948 0.637 0.614 0.292 
1607_1                                   01:36:30   16       0.288 | 0.868 0.367 0.913 0.953 0.528 0.692 0.505 
1607_1                                   01:42:09   17       0.286 | 0.780 0.259 0.948 0.951 0.425 0.622 0.488 
1607_1                                   01:47:49   18       0.285 | 0.856 0.348 0.931 0.954 0.516 0.646 0.505 
1607_1                                   01:53:29   19       0.285 | 0.902 0.444 0.919 0.956 0.598 0.672 0.358 
1607_1                                   01:59:08   20       0.279 | 0.922 0.503 0.890 0.960 0.634 0.662 0.459 
1607_1                                   02:04:48   21       0.280 | 0.942 0.604 0.775 0.955 0.653 0.593 0.146 
1607_1                                   02:10:27   22       0.276 | 0.822 0.301 0.942 0.958 0.471 0.668 0.434 
1607_1                                   02:16:07   23       0.272 | 0.836 0.320 0.948 0.957 0.493 0.688 0.415 
1607_1                                   02:21:47   24       0.276 | 0.897 0.431 0.925 0.958 0.590 0.694 0.532 
1607_1                                   02:27:26   25       0.272 | 0.873 0.376 0.913 0.952 0.537 0.673 0.517 
1607_1                                   02:33:06   26       0.270 | 0.901 0.436 0.873 0.953 0.574 0.664 0.243 
1607_1                                   02:38:45   27       0.269 | 0.877 0.386 0.931 0.959 0.552 0.663 0.505 
1607_1                                   02:44:28   28       0.267 | 0.916 0.484 0.873 0.954 0.612 0.657 0.511 
1607_1                                   02:50:11   29       0.268 | 0.898 0.431 0.896 0.952 0.578 0.653 0.588 
1607_1                                   02:55:55   30       0.259 | 0.932 0.545 0.832 0.955 0.640 0.672 0.428 
1607_1                                   03:01:38   31       0.263 | 0.932 0.543 0.867 0.955 0.654 0.675 0.465 
1607_1                                   03:07:21   32       0.262 | 0.898 0.429 0.861 0.952 0.563 0.680 0.312 
1607_1                                   03:13:05   33       0.260 | 0.898 0.433 0.908 0.953 0.584 0.623 0.311 
1607_1                                   03:18:48   34       0.258 | 0.885 0.401 0.896 0.946 0.552 0.647 0.465 
1607_1                                   03:24:32   35       0.228 | 0.926 0.519 0.925 0.961 0.661 0.717 0.488 
1607_1                                   03:30:16   36       0.221 | 0.919 0.495 0.908 0.961 0.635 0.713 0.533 
1607_1                                   03:35:59   37       0.216 | 0.914 0.478 0.931 0.961 0.630 0.689 0.557 
1607_1                                   03:41:42   38       0.208 | 0.905 0.449 0.896 0.959 0.593 0.711 0.521 
1607_1                                   03:47:25   39       0.206 | 0.912 0.470 0.908 0.961 0.615 0.743 0.557 
1607_1                                   03:53:09   40       0.205 | 0.914 0.477 0.913 0.960 0.623 0.722 0.532 
1607_1                                   03:58:53   41       0.202 | 0.918 0.491 0.913 0.962 0.634 0.738 0.610 
1607_1                                   04:04:37   42       0.197 | 0.922 0.503 0.919 0.963 0.646 0.726 0.567 
1607_1                                   04:10:20   43       0.199 | 0.910 0.466 0.919 0.962 0.616 0.748 0.562 
1607_1                                   04:16:04   44       0.194 | 0.912 0.473 0.908 0.959 0.617 0.687 0.505 
1607_1                                   04:21:48   45       0.193 | 0.908 0.461 0.925 0.961 0.615 0.723 0.516 
1607_1                                   04:27:32   46       0.194 | 0.912 0.470 0.913 0.962 0.617 0.733 0.537 
1607_1                                   04:33:15   47       0.190 | 0.916 0.485 0.913 0.963 0.629 0.735 0.510 
1607_1                                   04:38:59   48       0.188 | 0.920 0.498 0.908 0.962 0.637 0.718 0.572 
1607_1                                   04:44:43   49       0.185 | 0.913 0.475 0.896 0.961 0.615 0.707 0.563 
1607_1                                   04:50:27   50       0.184 | 0.934 0.552 0.896 0.964 0.672 0.727 0.572 
1607_1                                   04:56:10   51       0.182 | 0.895 0.424 0.925 0.962 0.584 0.702 0.656 
1607_1                                   05:01:54   52       0.180 | 0.919 0.494 0.879 0.960 0.622 0.724 0.542 
1607_1                                   05:07:38   53       0.179 | 0.906 0.453 0.913 0.960 0.603 0.679 0.527 
1607_1                                   05:13:22   54       0.178 | 0.916 0.485 0.908 0.961 0.626 0.689 0.558 
1607_1                                   05:19:05   55       0.178 | 0.918 0.492 0.908 0.962 0.632 0.707 0.563 
1607_1                                   05:24:48   56       0.175 | 0.918 0.489 0.913 0.962 0.632 0.698 0.587 
1607_1                                   05:30:32   57       0.173 | 0.925 0.515 0.890 0.963 0.643 0.722 0.592 
1607_1                                   05:36:15   58       0.172 | 0.917 0.486 0.896 0.962 0.623 0.704 0.592 
1607_1                                   05:41:59   59       0.172 | 0.917 0.487 0.896 0.963 0.624 0.717 0.587 
1607_1                                   05:47:47   60       0.173 | 0.923 0.510 0.890 0.962 0.639 0.720 0.582 
1607_1                                   05:53:32   61       0.171 | 0.914 0.478 0.896 0.964 0.617 0.723 0.587 
1607_1                                   05:59:21   62       0.172 | 0.924 0.512 0.896 0.963 0.642 0.716 0.572 
1607_1                                   06:05:06   63       0.170 | 0.919 0.494 0.902 0.963 0.631 0.717 0.638 
1607_1                                   06:10:51   64       0.168 | 0.919 0.495 0.913 0.964 0.637 0.708 0.615 
1607_1                                   06:16:36   65       0.170 | 0.918 0.491 0.896 0.961 0.626 0.693 0.597 
1607_1                                   06:22:21   66       0.171 | 0.921 0.500 0.902 0.962 0.636 0.718 0.587 
1607_1                                   06:28:05   67       0.171 | 0.920 0.497 0.908 0.963 0.636 0.710 0.620 
1607_1                                   06:33:49   68       0.171 | 0.919 0.494 0.902 0.963 0.631 0.713 0.606 
1607_1                                   06:39:35   69       0.170 | 0.923 0.508 0.890 0.962 0.638 0.712 0.587 
1607_1                                   06:45:20   70       0.173 | 0.920 0.498 0.890 0.962 0.630 0.714 0.582 
1607_1                                   06:51:04   71       0.170 | 0.921 0.500 0.902 0.963 0.636 0.723 0.587 
1607_1                                   06:56:49   72       0.171 | 0.921 0.502 0.890 0.962 0.633 0.711 0.572 
1607_1                                   07:02:34   73       0.170 | 0.916 0.483 0.896 0.962 0.620 0.692 0.624 
1607_1                                   07:08:19   74       0.171 | 0.921 0.500 0.913 0.963 0.641 0.707 0.592 
1607_1                                   07:14:04   75       0.167 | 0.926 0.518 0.908 0.963 0.652 0.723 0.587 
1607_1                                   07:19:48   76       0.172 | 0.922 0.505 0.890 0.962 0.635 0.710 0.587 
1607_1                                   07:25:33   77       0.166 | 0.918 0.489 0.896 0.962 0.625 0.712 0.587 
1607_1                                   07:31:18   78       0.171 | 0.921 0.500 0.908 0.963 0.638 0.721 0.596 
1607_1                                   07:37:02   79       0.167 | 0.921 0.502 0.908 0.962 0.640 0.718 0.572 
1607_1                                   07:42:45   80       0.171 | 0.922 0.503 0.902 0.962 0.639 0.693 0.601 
1607_1                                   07:48:29   81       0.168 | 0.918 0.492 0.908 0.963 0.632 0.699 0.601 
1607_1                                   07:54:13   82       0.171 | 0.923 0.507 0.884 0.961 0.634 0.718 0.601 
1607_1                                   07:59:56   83       0.169 | 0.918 0.491 0.902 0.963 0.629 0.705 0.592 
