1707_2                                   00:07:42    0       0.310 | 0.921 0.000 0.000 0.723 0.000 0.000 0.000 
1707_2                                   00:15:28    1       0.278 | 0.922 0.750 0.017 0.789 0.106 0.000 0.000 
1707_2                                   00:23:10    2       0.245 | 0.924 0.630 0.098 0.862 0.228 0.000 0.000 
1707_2                                   00:30:35    3       0.235 | 0.922 0.714 0.029 0.875 0.133 0.000 0.000 
1707_2                                   00:38:03    4       0.224 | 0.929 0.610 0.272 0.911 0.376 0.103 0.000 
1707_2                                   00:45:49    5       0.213 | 0.880 0.365 0.688 0.892 0.443 0.274 0.047 
1707_2                                   00:53:31    6       0.203 | 0.934 0.600 0.520 0.921 0.524 0.206 0.000 
1707_2                                   01:00:53    7       0.192 | 0.926 0.527 0.618 0.936 0.531 0.398 0.047 
1707_2                                   01:08:18    8       0.184 | 0.942 0.783 0.376 0.926 0.518 0.219 0.000 
1707_2                                   01:16:04    9       0.180 | 0.942 0.674 0.526 0.943 0.565 0.358 0.106 
1707_2                                   01:23:47   10       0.175 | 0.942 0.838 0.329 0.940 0.504 0.166 0.000 
1707_2                                   01:31:13   11       0.173 | 0.944 0.793 0.399 0.938 0.538 0.233 0.000 
1707_2                                   01:38:39   12       0.170 | 0.948 0.778 0.486 0.945 0.590 0.230 0.000 
1707_2                                   01:46:25   13       0.170 | 0.934 0.564 0.717 0.946 0.600 0.507 0.230 
1707_2                                   01:54:10   14       0.170 | 0.947 0.748 0.497 0.943 0.584 0.343 0.073 
1707_2                                   02:01:36   15       0.166 | 0.947 0.800 0.439 0.947 0.569 0.253 0.000 
1707_2                                   02:09:01   16       0.163 | 0.944 0.646 0.653 0.949 0.619 0.402 0.146 
1707_2                                   02:16:43   17       0.160 | 0.944 0.624 0.728 0.955 0.644 0.522 0.242 
1707_2                                   02:24:30   18       0.162 | 0.942 0.617 0.717 0.945 0.634 0.517 0.219 
1707_2                                   02:32:00   19       0.160 | 0.950 0.717 0.601 0.949 0.630 0.422 0.193 
1707_2                                   02:39:26   20       0.160 | 0.952 0.821 0.503 0.941 0.620 0.359 0.126 
1707_2                                   02:47:05   21       0.154 | 0.949 0.694 0.642 0.952 0.640 0.421 0.106 
1707_2                                   02:54:48   22       0.154 | 0.949 0.731 0.566 0.952 0.617 0.327 0.000 
1707_2                                   03:01:38   23       0.154 | 0.953 0.874 0.480 0.942 0.627 0.301 0.073 
1707_2                                   03:08:44   24       0.151 | 0.950 0.862 0.434 0.951 0.590 0.206 0.000 
1707_2                                   03:15:51   25       0.155 | 0.954 0.883 0.480 0.956 0.631 0.179 0.073 
1707_2                                   03:23:00   26       0.151 | 0.956 0.824 0.566 0.947 0.662 0.388 0.163 
1707_2                                   03:30:08   27       0.153 | 0.955 0.748 0.653 0.948 0.675 0.510 0.207 
1707_2                                   03:37:13   28       0.140 | 0.958 0.815 0.613 0.956 0.686 0.476 0.179 
1707_2                                   03:44:22   29       0.136 | 0.955 0.766 0.624 0.959 0.668 0.465 0.179 
1707_2                                   03:51:27   30       0.135 | 0.957 0.799 0.618 0.960 0.681 0.465 0.231 
1707_2                                   03:57:18   31       0.133 | 0.959 0.832 0.601 0.956 0.687 0.428 0.163 
1707_2                                   04:03:13   32       0.134 | 0.958 0.772 0.665 0.956 0.694 0.516 0.253 
1707_2                                   04:09:04   33       0.133 | 0.957 0.774 0.653 0.960 0.689 0.505 0.219 
1707_2                                   04:14:55   34       0.133 | 0.957 0.739 0.705 0.959 0.699 0.547 0.263 
1707_2                                   04:20:54   35       0.131 | 0.957 0.784 0.630 0.959 0.681 0.499 0.207 
1707_2                                   04:27:12   36       0.130 | 0.962 0.841 0.642 0.957 0.715 0.488 0.207 
1707_2                                   04:33:03   37       0.131 | 0.959 0.809 0.636 0.959 0.696 0.471 0.219 
1707_2                                   04:38:58   38       0.132 | 0.961 0.809 0.659 0.960 0.709 0.482 0.231 
1707_2                                   04:44:48   39       0.133 | 0.962 0.818 0.676 0.956 0.724 0.459 0.163 
1707_2                                   04:50:55   40       0.129 | 0.959 0.809 0.636 0.958 0.696 0.476 0.219 
1707_2                                   04:56:54   41       0.130 | 0.960 0.771 0.699 0.960 0.713 0.494 0.243 
1707_2                                   05:02:53   42       0.131 | 0.961 0.833 0.636 0.960 0.708 0.453 0.219 
1707_2                                   05:08:49   43       0.130 | 0.963 0.860 0.642 0.957 0.725 0.459 0.193 
1707_2                                   05:14:43   44       0.129 | 0.960 0.793 0.665 0.960 0.705 0.476 0.231 
1707_2                                   05:20:34   45       0.128 | 0.961 0.822 0.642 0.961 0.706 0.488 0.231 
1707_2                                   05:26:23   46       0.127 | 0.960 0.799 0.665 0.961 0.708 0.494 0.243 
1707_2                                   05:32:16   47       0.130 | 0.961 0.801 0.676 0.962 0.716 0.488 0.243 
1707_2                                   05:38:03   48       0.127 | 0.961 0.788 0.688 0.961 0.715 0.499 0.253 
1707_2                                   05:43:54   49       0.126 | 0.961 0.804 0.665 0.961 0.711 0.494 0.264 
1707_2                                   05:49:38   50       0.127 | 0.959 0.784 0.671 0.961 0.703 0.505 0.219 
1707_2                                   05:55:21   51       0.128 | 0.960 0.797 0.659 0.960 0.704 0.499 0.243 
1707_2                                   06:01:04   52       0.128 | 0.960 0.787 0.682 0.960 0.711 0.499 0.264 
1707_2                                   06:06:46   53       0.126 | 0.959 0.786 0.659 0.961 0.698 0.499 0.253 
1707_2                                   06:12:26   54       0.128 | 0.959 0.771 0.682 0.958 0.703 0.521 0.264 
1707_2                                   06:18:07   55       0.125 | 0.959 0.784 0.671 0.959 0.703 0.482 0.264 
1707_2                                   06:23:47   56       0.128 | 0.959 0.779 0.671 0.959 0.701 0.494 0.243 
1707_2                                   06:29:34   57       0.129 | 0.961 0.801 0.676 0.961 0.716 0.482 0.243 
1707_2                                   06:37:52   58       0.127 | 0.960 0.785 0.676 0.960 0.707 0.494 0.264 
1707_2                                   06:46:27   59       0.125 | 0.961 0.797 0.682 0.961 0.717 0.488 0.253 
1707_2                                   06:54:40   60       0.130 | 0.959 0.779 0.671 0.960 0.701 0.488 0.243 
